2025-02-21 10:26:44,727 - INFO - Starting data structure analysis...
2025-02-21 10:26:46,476 - INFO - 
Analyzing validated dataset:
2025-02-21 10:26:46,478 - INFO - 
Schools by subtype:
2025-02-21 10:26:46,478 - INFO - BO: 6084
2025-02-21 10:26:46,478 - INFO - HBO: 76
2025-02-21 10:26:46,478 - INFO - WO: 22
2025-02-21 10:26:46,478 - INFO - MBO: 175
2025-02-21 10:26:46,478 - INFO - VO: 1604
2025-02-21 10:26:46,479 - INFO - 
Coordinate bounds:
2025-02-21 10:26:46,479 - INFO - lon_min: 3.392808090807792
2025-02-21 10:26:46,479 - INFO - lon_max: 7.211871348742515
2025-02-21 10:26:46,479 - INFO - lat_min: 50.76252120044393
2025-02-21 10:26:46,479 - INFO - lat_max: 53.47931349441526
2025-02-21 10:26:46,479 - INFO - 
Coordinate dimensions distribution:
2025-02-21 10:26:46,479 - INFO - 3D coordinates: 7961
2025-02-21 10:26:46,479 - INFO - 
Analyzing raw dataset:
2025-02-21 10:26:46,853 - INFO - 
Function codes distribution:
2025-02-21 10:26:46,853 - INFO - D: 54421
2025-02-21 10:26:46,853 - INFO - U: 37531
2025-02-21 10:26:46,853 - INFO - B: 34213
2025-02-21 10:26:46,853 - INFO - O: 3369
2025-02-21 10:26:46,853 - INFO - S: 826
2025-02-21 10:26:46,853 - INFO - G: 9
2025-02-21 10:26:46,853 - INFO - 
Function names distribution:
2025-02-21 10:26:46,853 - INFO - onderdeel instelling: 54421
2025-02-21 10:26:46,853 - INFO - uitvoering: 37531
2025-02-21 10:26:46,853 - INFO - bestuur: 34213
2025-02-21 10:26:46,853 - INFO - ondersteuning en beheer: 3369
2025-02-21 10:26:46,853 - INFO - samenwerking en overkoepeling: 826
2025-02-21 10:26:46,853 - INFO - Scholengemeenschap: 9
2025-02-21 10:26:46,853 - INFO - 
Province distribution:
2025-02-21 10:26:46,853 - INFO - Zuid-Holland: 24617
2025-02-21 10:26:46,853 - INFO - Noord-Holland: 18323
2025-02-21 10:26:46,853 - INFO - Noord-Brabant: 17376
2025-02-21 10:26:46,853 - INFO - Gelderland: 17035
2025-02-21 10:26:46,853 - INFO - Utrecht: 10428
2025-02-21 10:26:46,853 - INFO - Overijssel: 10198
2025-02-21 10:26:46,853 - INFO - Limburg: 8061
2025-02-21 10:26:46,853 - INFO - Friesland: 6962
2025-02-21 10:26:46,853 - INFO - Groningen: 6001
2025-02-21 10:26:46,853 - INFO - Drenthe: 4034
2025-02-21 10:26:46,853 - INFO - Zeeland: 3745
2025-02-21 10:26:46,853 - INFO - Flevoland: 2879
2025-02-21 10:26:46,853 - INFO - : 710
2025-02-21 10:26:46,854 - INFO - 
Geocoding methods:
2025-02-21 10:26:46,854 - INFO - postcode: 129233
2025-02-21 10:26:46,854 - INFO - street: 1136
2025-02-21 10:26:46,855 - INFO - 
Average geocoding confidence: 0.005290
2025-02-21 10:26:46,855 - INFO - 
Points with null geometries: 125657
2025-02-21 10:26:46,855 - INFO - Points with administrative indicators: 1610
2025-02-21 10:26:48,092 - INFO - 
Property analysis:
2025-02-21 10:26:48,092 - INFO - 
CODE_STAND_RECORD:
2025-02-21 10:26:48,092 - INFO -   Completeness: 100.0%
2025-02-21 10:26:48,092 - INFO -   Unique values: 3
2025-02-21 10:26:48,092 - INFO -   Example values: A, H, T
2025-02-21 10:26:48,092 - INFO - 
IND_OPGEHEVEN:
2025-02-21 10:26:48,092 - INFO -   Completeness: 96.6%
2025-02-21 10:26:48,092 - INFO -   Unique values: 2
2025-02-21 10:26:48,092 - INFO -   Example values: J, N
2025-02-21 10:26:48,092 - INFO - 
NAAM_SOORT:
2025-02-21 10:26:48,092 - INFO -   Completeness: 52.7%
2025-02-21 10:26:48,092 - INFO -   Unique values: 88
2025-02-21 10:26:48,092 - INFO -   Example values: AOC met vo-onderwijs, Ambulante Begeleiding, BSM t.b.v. Inspectie
2025-02-21 10:26:48,092 - INFO - 
CODE_TYPE_BEKOSTIGING:
2025-02-21 10:26:48,092 - INFO -   Completeness: 52.7%
2025-02-21 10:26:48,092 - INFO -   Unique values: 14
2025-02-21 10:26:48,092 - INFO -   Example values: AGW, BEK, BES
2025-02-21 10:26:48,092 - INFO - 
DT_BEGIN_RECORD:
2025-02-21 10:26:48,092 - INFO -   Completeness: 52.7%
2025-02-21 10:26:48,092 - INFO -   Unique values: 8532
2025-02-21 10:26:48,092 - INFO -   Example values: 1-1-1899, 1-1-1900, 1-1-1901
2025-02-21 10:26:48,092 - INFO - 
﻿NR_ADMINISTRATIE:
2025-02-21 10:26:48,092 - INFO -   Completeness: 52.7%
2025-02-21 10:26:48,092 - INFO -   Unique values: 44999
2025-02-21 10:26:48,092 - INFO -   Example values: 00003, 00004, 00006
2025-02-21 10:26:48,092 - INFO - 
NAAM_VOLLEDIG:
2025-02-21 10:26:48,092 - INFO -   Completeness: 52.7%
2025-02-21 10:26:48,092 - INFO -   Unique values: 39811
2025-02-21 10:26:48,092 - INFO -   Example values:  Balkon,  De Flierefluiter,  Katholieke Basisschool De IJsselster
2025-02-21 10:26:48,092 - INFO - 
DT_IN_BEDRIJF:
2025-02-21 10:26:48,092 - INFO -   Completeness: 52.7%
2025-02-21 10:26:48,092 - INFO -   Unique values: 3484
2025-02-21 10:26:48,092 - INFO -   Example values: 1-1-1899, 1-1-1900, 1-1-1901
2025-02-21 10:26:48,092 - INFO - 
NAAM_KORT:
2025-02-21 10:26:48,092 - INFO -   Completeness: 52.7%
2025-02-21 10:26:48,092 - INFO -   Unique values: 37931
2025-02-21 10:26:48,093 - INFO -   Example values:  't Kompas,  Ambacht,  Basisschool De Boogurt
2025-02-21 10:26:48,093 - INFO - 
CODE_FUNCTIE:
2025-02-21 10:26:48,093 - INFO -   Completeness: 52.7%
2025-02-21 10:26:48,093 - INFO -   Unique values: 6
2025-02-21 10:26:48,093 - INFO -   Example values: B, D, G
2025-02-21 10:26:48,093 - INFO - 
CODE_SOORT:
2025-02-21 10:26:48,093 - INFO -   Completeness: 52.7%
2025-02-21 10:26:48,093 - INFO -   Unique values: 88
2025-02-21 10:26:48,093 - INFO -   Example values: AFAF, AK, AMB
2025-02-21 10:26:48,093 - INFO - 
DT_STICHTING:
2025-02-21 10:26:48,093 - INFO -   Completeness: 52.7%
2025-02-21 10:26:48,093 - INFO -   Unique values: 3822
2025-02-21 10:26:48,093 - INFO -   Example values: 1-1-1899, 1-1-1900, 1-1-1901
2025-02-21 10:26:48,093 - INFO - 
NAAM_FUNCTIE:
2025-02-21 10:26:48,093 - INFO -   Completeness: 52.7%
2025-02-21 10:26:48,093 - INFO -   Unique values: 6
2025-02-21 10:26:48,093 - INFO -   Example values: Scholengemeenschap, bestuur, onderdeel instelling
2025-02-21 10:26:48,093 - INFO - 
NAAM_TYPE_BEKOSTIGING:
2025-02-21 10:26:48,093 - INFO -   Completeness: 52.7%
2025-02-21 10:26:48,093 - INFO -   Unique values: 14
2025-02-21 10:26:48,093 - INFO -   Example values: Aangewezen, B3-school, niet bekostigd, B4-school, niet bekostigd
2025-02-21 10:26:48,093 - INFO - 
NAAM_RICHTING:
2025-02-21 10:26:48,093 - INFO -   Completeness: 51.1%
2025-02-21 10:26:48,093 - INFO -   Unique values: 41
2025-02-21 10:26:48,093 - INFO -   Example values: Algemeen bijzonder, Antroposofisch, Baptistisch
2025-02-21 10:26:48,093 - INFO - 
CODE_RICHTING:
2025-02-21 10:26:48,093 - INFO -   Completeness: 51.1%
2025-02-21 10:26:48,093 - INFO -   Unique values: 41
2025-02-21 10:26:48,093 - INFO -   Example values: ABZ, AER, AR
2025-02-21 10:26:48,093 - INFO - 
POSTCODE_CORR:
2025-02-21 10:26:48,093 - INFO -   Completeness: 51.0%
2025-02-21 10:26:48,093 - INFO -   Unique values: 16196
2025-02-21 10:26:48,093 - INFO -   Example values: 1000AC, 1000AE, 1000AG
2025-02-21 10:26:48,093 - INFO - 
NR_HUIS_CORR:
2025-02-21 10:26:48,093 - INFO -   Completeness: 51.0%
2025-02-21 10:26:48,093 - INFO -   Unique values: 2241
2025-02-21 10:26:48,093 - INFO -   Example values: 1, 10, 100
2025-02-21 10:26:48,093 - INFO - 
NAAM_PLAATS_CORR:
2025-02-21 10:26:48,093 - INFO -   Completeness: 51.0%
2025-02-21 10:26:48,093 - INFO -   Unique values: 1992
2025-02-21 10:26:48,093 - INFO -   Example values: 'S GRAVENMOER, 'S-GRAVELAND, 'S-GRAVENDEEL
2025-02-21 10:26:48,093 - INFO - 
PROVINCIE_CORR:
2025-02-21 10:26:48,093 - INFO -   Completeness: 51.0%
2025-02-21 10:26:48,093 - INFO -   Unique values: 12
2025-02-21 10:26:48,093 - INFO -   Example values: Drenthe, Flevoland, Friesland
2025-02-21 10:26:48,093 - INFO - 
NAAM_STRAAT_CORR:
2025-02-21 10:26:48,093 - INFO -   Completeness: 51.0%
2025-02-21 10:26:48,093 - INFO -   Unique values: 9663
2025-02-21 10:26:48,093 - INFO -   Example values: 's-Gravelandseweg, 's-Gravenbroekseweg, 's-Gravendijkwal
2025-02-21 10:26:48,093 - INFO - 
NR_GEMEENTE_CORR:
2025-02-21 10:26:48,093 - INFO -   Completeness: 51.0%
2025-02-21 10:26:48,093 - INFO -   Unique values: 605
2025-02-21 10:26:48,093 - INFO -   Example values: 10, 104, 106
2025-02-21 10:26:48,093 - INFO - 
longitude:
2025-02-21 10:26:48,093 - INFO -   Completeness: 50.9%
2025-02-21 10:26:48,093 - INFO -   Unique values: 6245
2025-02-21 10:26:48,093 - INFO -   Example values: 3.4026642, 3.4363092, 3.4565452127483427
2025-02-21 10:26:48,093 - INFO - 
confidence:
2025-02-21 10:26:48,093 - INFO -   Completeness: 50.9%
2025-02-21 10:26:48,093 - INFO -   Unique values: 6
2025-02-21 10:26:48,093 - INFO -   Example values: 0.04000999999999999, 0.0533433333333333, 0.06667666666666666
2025-02-21 10:26:48,093 - INFO - 
geocode_method:
2025-02-21 10:26:48,093 - INFO -   Completeness: 50.9%
2025-02-21 10:26:48,093 - INFO -   Unique values: 2
2025-02-21 10:26:48,093 - INFO -   Example values: postcode, street
2025-02-21 10:26:48,093 - INFO - 
latitude:
2025-02-21 10:26:48,093 - INFO -   Completeness: 50.9%
2025-02-21 10:26:48,093 - INFO -   Unique values: 6246
2025-02-21 10:26:48,093 - INFO -   Example values: 50.7552307, 50.7552899, 50.7647151
2025-02-21 10:26:48,093 - INFO - 
NAAM_PLAATS_VEST:
2025-02-21 10:26:48,093 - INFO -   Completeness: 50.9%
2025-02-21 10:26:48,093 - INFO -   Unique values: 2040
2025-02-21 10:26:48,093 - INFO -   Example values: 'S GRAVENMOER, 'S-GRAVELAND, 'S-GRAVENDEEL
2025-02-21 10:26:48,093 - INFO - 
NR_HUIS_VEST:
2025-02-21 10:26:48,093 - INFO -   Completeness: 50.9%
2025-02-21 10:26:48,093 - INFO -   Unique values: 754
2025-02-21 10:26:48,093 - INFO -   Example values: 1, 10, 100
2025-02-21 10:26:48,093 - INFO - 
PROVINCIE_VEST:
2025-02-21 10:26:48,094 - INFO -   Completeness: 50.9%
2025-02-21 10:26:48,094 - INFO -   Unique values: 12
2025-02-21 10:26:48,094 - INFO -   Example values: Drenthe, Flevoland, Friesland
2025-02-21 10:26:48,094 - INFO - 
POSTCODE_VEST:
2025-02-21 10:26:48,094 - INFO -   Completeness: 50.9%
2025-02-21 10:26:48,094 - INFO -   Unique values: 18656
2025-02-21 10:26:48,094 - INFO -   Example values: 1006BC, 1011DB, 1011JV
2025-02-21 10:26:48,094 - INFO - 
NAAM_STRAAT_VEST:
2025-02-21 10:26:48,094 - INFO -   Completeness: 50.9%
2025-02-21 10:26:48,094 - INFO -   Unique values: 12923
2025-02-21 10:26:48,094 - INFO -   Example values: 's Gravenhof, 's-Gravelandseweg, 's-Gravenbroekseweg
2025-02-21 10:26:48,094 - INFO - 
NR_GEMEENTE_VEST:
2025-02-21 10:26:48,094 - INFO -   Completeness: 50.9%
2025-02-21 10:26:48,094 - INFO -   Unique values: 606
2025-02-21 10:26:48,094 - INFO -   Example values: 10, 104, 106
2025-02-21 10:26:48,094 - INFO - 
DT_BEGIN_RELATIE:
2025-02-21 10:26:48,094 - INFO -   Completeness: 43.9%
2025-02-21 10:26:48,094 - INFO -   Unique values: 1984
2025-02-21 10:26:48,094 - INFO -   Example values: 1-1-1900, 1-1-1901, 1-1-1908
2025-02-21 10:26:48,094 - INFO - 
NR_ADMIN_VOLG:
2025-02-21 10:26:48,094 - INFO -   Completeness: 43.9%
2025-02-21 10:26:48,094 - INFO -   Unique values: 37088
2025-02-21 10:26:48,094 - INFO -   Example values: 0003, 0005, 0007
2025-02-21 10:26:48,094 - INFO - 
CODE_SOORT_VOLG:
2025-02-21 10:26:48,094 - INFO -   Completeness: 43.9%
2025-02-21 10:26:48,094 - INFO -   Unique values: 70
2025-02-21 10:26:48,094 - INFO -   Example values: AFAF, AK, AMB
2025-02-21 10:26:48,094 - INFO - 
NAAM_RELATIE_VOLG:
2025-02-21 10:26:48,094 - INFO -   Completeness: 43.9%
2025-02-21 10:26:48,094 - INFO -   Unique values: 10
2025-02-21 10:26:48,094 - INFO -   Example values: is deel van, is opgenomen in, neemt deel in
2025-02-21 10:26:48,094 - INFO - 
CODE_FUNCTIE_VOLG:
2025-02-21 10:26:48,094 - INFO -   Completeness: 43.9%
2025-02-21 10:26:48,094 - INFO -   Unique values: 6
2025-02-21 10:26:48,094 - INFO -   Example values: B, D, G
2025-02-21 10:26:48,094 - INFO - 
NAAM_RELATIE_LEID:
2025-02-21 10:26:48,094 - INFO -   Completeness: 43.9%
2025-02-21 10:26:48,094 - INFO -   Unique values: 10
2025-02-21 10:26:48,094 - INFO -   Example values: bestuurt, bestuurt (tijdelijk, LAOV), heeft beschikking over
2025-02-21 10:26:48,094 - INFO - 
CODE_SOORT_LEID:
2025-02-21 10:26:48,094 - INFO -   Completeness: 43.9%
2025-02-21 10:26:48,094 - INFO -   Unique values: 52
2025-02-21 10:26:48,094 - INFO -   Example values: AOC, AOCV, B&W
2025-02-21 10:26:48,094 - INFO - 
CODE_FUNCTIE_LEID:
2025-02-21 10:26:48,094 - INFO -   Completeness: 43.9%
2025-02-21 10:26:48,094 - INFO -   Unique values: 5
2025-02-21 10:26:48,094 - INFO -   Example values: B, G, O
2025-02-21 10:26:48,094 - INFO - 
﻿NR_ADMIN_LEID:
2025-02-21 10:26:48,094 - INFO -   Completeness: 43.9%
2025-02-21 10:26:48,094 - INFO -   Unique values: 21170
2025-02-21 10:26:48,094 - INFO -   Example values: 00003, 00004, 00006
2025-02-21 10:26:48,094 - INFO - 
DT_EINDE_RECORD:
2025-02-21 10:26:48,094 - INFO -   Completeness: 41.3%
2025-02-21 10:26:48,094 - INFO -   Unique values: 5815
2025-02-21 10:26:48,094 - INFO -   Example values: 1-1-1901, 1-1-1970, 1-1-1977
2025-02-21 10:26:48,094 - INFO - 
CODE_WET:
2025-02-21 10:26:48,094 - INFO -   Completeness: 37.6%
2025-02-21 10:26:48,094 - INFO -   Unique values: 7
2025-02-21 10:26:48,094 - INFO -   Example values: WCTE, WEB, WEC
2025-02-21 10:26:48,094 - INFO - 
CODE_WET_VOLG:
2025-02-21 10:26:48,094 - INFO -   Completeness: 36.3%
2025-02-21 10:26:48,094 - INFO -   Unique values: 7
2025-02-21 10:26:48,094 - INFO -   Example values: WCTE, WEB, WEC
2025-02-21 10:26:48,094 - INFO - 
NR_TELEFOON:
2025-02-21 10:26:48,094 - INFO -   Completeness: 32.0%
2025-02-21 10:26:48,094 - INFO -   Unique values: 11412
2025-02-21 10:26:48,094 - INFO -   Example values: 0000014010, 0000014043, 0000014072
2025-02-21 10:26:48,094 - INFO - 
E_MAIL:
2025-02-21 10:26:48,094 - INFO -   Completeness: 30.5%
2025-02-21 10:26:48,094 - INFO -   Unique values: 10566
2025-02-21 10:26:48,094 - INFO -   Example values: 00R@rheden.nl, A.BUIJSMAN@SCILLZ.NL, A.Kraal@curio.nl
2025-02-21 10:26:48,094 - INFO - 
DT_EINDE_RELATIE:
2025-02-21 10:26:48,094 - INFO -   Completeness: 28.8%
2025-02-21 10:26:48,094 - INFO -   Unique values: 950
2025-02-21 10:26:48,094 - INFO -   Example values: 1-1-1973, 1-1-1975, 1-1-1976
2025-02-21 10:26:48,094 - INFO - 
INTERNET:
2025-02-21 10:26:48,094 - INFO -   Completeness: 27.4%
2025-02-21 10:26:48,094 - INFO -   Unique values: 8813
2025-02-21 10:26:48,094 - INFO -   Example values: 0528266192, Linde-deventer.nl, VOHAAGLANDEN.NL
2025-02-21 10:26:48,094 - INFO - 
CODE_WET_LEID:
2025-02-21 10:26:48,094 - INFO -   Completeness: 21.5%
2025-02-21 10:26:48,094 - INFO -   Unique values: 6
2025-02-21 10:26:48,094 - INFO -   Example values: WEB, WEC, WHW
2025-02-21 10:26:48,095 - INFO - 
DT_UIT_BEDRIJF:
2025-02-21 10:26:48,095 - INFO -   Completeness: 18.7%
2025-02-21 10:26:48,095 - INFO -   Unique values: 819
2025-02-21 10:26:48,095 - INFO -   Example values: 1-1-1991, 1-1-1992, 1-1-1993
2025-02-21 10:26:48,095 - INFO - 
DT_AFGEHANDELD:
2025-02-21 10:26:48,095 - INFO -   Completeness: 13.0%
2025-02-21 10:26:48,095 - INFO -   Unique values: 634
2025-02-21 10:26:48,095 - INFO -   Example values: 1-1-1992, 1-1-1994, 1-1-1996
2025-02-21 10:26:48,095 - INFO - 
KVK_NR:
2025-02-21 10:26:48,095 - INFO -   Completeness: 5.6%
2025-02-21 10:26:48,095 - INFO -   Unique values: 2514
2025-02-21 10:26:48,095 - INFO -   Example values: 01079590, 01080096, 01081608
2025-02-21 10:26:48,095 - INFO - 
NR_HUIS_TOEV_VEST:
2025-02-21 10:26:48,095 - INFO -   Completeness: 5.3%
2025-02-21 10:26:48,095 - INFO -   Unique values: 389
2025-02-21 10:26:48,095 - INFO -   Example values:  - 2,  - 3,  - 4
2025-02-21 10:26:48,095 - INFO - 
NR_HUIS_TOEV_CORR:
2025-02-21 10:26:48,095 - INFO -   Completeness: 3.8%
2025-02-21 10:26:48,095 - INFO -   Unique values: 296
2025-02-21 10:26:48,095 - INFO -   Example values:  - 2,  - 4,  - 5
2025-02-21 10:26:48,095 - INFO - 
﻿NR_ADMIN_VAN:
2025-02-21 10:26:48,095 - INFO -   Completeness: 3.4%
2025-02-21 10:26:48,095 - INFO -   Unique values: 7901
2025-02-21 10:26:48,095 - INFO -   Example values: 0003, 0005, 0007
2025-02-21 10:26:48,095 - INFO - 
CODE_FUNCTIE_VAN:
2025-02-21 10:26:48,095 - INFO -   Completeness: 3.4%
2025-02-21 10:26:48,095 - INFO -   Unique values: 5
2025-02-21 10:26:48,095 - INFO -   Example values: B, D, O
2025-02-21 10:26:48,095 - INFO - 
NR_ADMIN_NAAR:
2025-02-21 10:26:48,095 - INFO -   Completeness: 3.4%
2025-02-21 10:26:48,095 - INFO -   Unique values: 5472
2025-02-21 10:26:48,095 - INFO -   Example values: 0014, 003, 005
2025-02-21 10:26:48,095 - INFO - 
NAAM_OVERGANG:
2025-02-21 10:26:48,095 - INFO -   Completeness: 3.4%
2025-02-21 10:26:48,095 - INFO -   Unique values: 4
2025-02-21 10:26:48,095 - INFO -   Example values: Fusie, Overdracht, Splitsing
2025-02-21 10:26:48,095 - INFO - 
DT_OVERGANG:
2025-02-21 10:26:48,095 - INFO -   Completeness: 3.4%
2025-02-21 10:26:48,095 - INFO -   Unique values: 262
2025-02-21 10:26:48,095 - INFO -   Example values: 1-1-1991, 1-1-1993, 1-1-1994
2025-02-21 10:26:48,095 - INFO - 
CODE_FUNCTIE_NAAR:
2025-02-21 10:26:48,095 - INFO -   Completeness: 3.4%
2025-02-21 10:26:48,095 - INFO -   Unique values: 5
2025-02-21 10:26:48,095 - INFO -   Example values: B, D, O
2025-02-21 10:26:48,095 - INFO - 
IND_VOLLEDIG:
2025-02-21 10:26:48,095 - INFO -   Completeness: 3.4%
2025-02-21 10:26:48,095 - INFO -   Unique values: 2
2025-02-21 10:26:48,095 - INFO -   Example values: J, N
2025-02-21 10:26:48,095 - INFO - 
CODE_OVERGANG:
2025-02-21 10:26:48,095 - INFO -   Completeness: 3.4%
2025-02-21 10:26:48,095 - INFO -   Unique values: 4
2025-02-21 10:26:48,095 - INFO -   Example values: D, F, S
2025-02-21 10:26:48,095 - INFO - 
CODE_SOORT_VAN:
2025-02-21 10:26:48,095 - INFO -   Completeness: 3.4%
2025-02-21 10:26:48,095 - INFO -   Unique values: 45
2025-02-21 10:26:48,095 - INFO -   Example values: AFAF, AK, AOC
2025-02-21 10:26:48,095 - INFO - 
CODE_SOORT_NAAR:
2025-02-21 10:26:48,095 - INFO -   Completeness: 3.4%
2025-02-21 10:26:48,095 - INFO -   Unique values: 41
2025-02-21 10:26:48,095 - INFO -   Example values: AFAF, AK, AOC
2025-02-21 10:26:48,095 - INFO - 
CODE_WET_NAAR:
2025-02-21 10:26:48,095 - INFO -   Completeness: 1.9%
2025-02-21 10:26:48,095 - INFO -   Unique values: 6
2025-02-21 10:26:48,095 - INFO -   Example values: WEB, WEC, WHW
2025-02-21 10:26:48,095 - INFO - 
CODE_WET_VAN:
2025-02-21 10:26:48,095 - INFO -   Completeness: 1.9%
2025-02-21 10:26:48,095 - INFO -   Unique values: 6
2025-02-21 10:26:48,095 - INFO -   Example values: WEB, WEC, WHW
