2025-02-20 14:48:35,193 - INFO - Successfully connected to local Nominatim instance
2025-02-20 14:48:35,193 - INFO - Loading data from /Users/giovi/Documents/StudioBereikbaar/SB455 - Impact assessment of accessibility/BRIN Education Facilities NL/data/processed/education_data_all.json
2025-02-20 14:48:35,246 - INFO - Processing 19107 addresses in batches
2025-02-20 14:48:35,250 - INFO - Processing 11099 postcode groups
2025-02-20 14:48:46,137 - WARNING - Error processing address in batch: cannot convert float NaN to integer
2025-02-20 14:48:46,138 - WARNING - Error processing address in batch: cannot convert float NaN to integer
2025-02-20 14:48:46,138 - WARNING - Error processing address in batch: cannot convert float NaN to integer
2025-02-20 14:48:46,138 - WARNING - Error processing address in batch: cannot convert float NaN to integer
2025-02-20 14:48:46,138 - WARNING - Error processing address in batch: cannot convert float NaN to integer
2025-02-20 14:48:46,138 - WARNING - Error processing address in batch: cannot convert float NaN to integer
2025-02-20 14:48:46,138 - WARNING - Error processing address in batch: cannot convert float NaN to integer
2025-02-20 14:48:46,138 - WARNING - Error processing address in batch: cannot convert float NaN to integer
2025-02-20 14:48:46,138 - WARNING - Error processing address in batch: cannot convert float NaN to integer
2025-02-20 14:48:46,138 - WARNING - Error processing address in batch: cannot convert float NaN to integer
2025-02-20 14:48:46,138 - WARNING - Error processing address in batch: cannot convert float NaN to integer
2025-02-20 14:48:46,138 - WARNING - Error processing address in batch: cannot convert float NaN to integer
2025-02-20 14:48:46,138 - WARNING - Error processing address in batch: cannot convert float NaN to integer
2025-02-20 14:48:46,138 - WARNING - Error processing address in batch: cannot convert float NaN to integer
2025-02-20 14:48:46,138 - WARNING - Error processing address in batch: cannot convert float NaN to integer
2025-02-20 14:48:46,138 - WARNING - Error processing address in batch: cannot convert float NaN to integer
2025-02-20 14:48:46,138 - WARNING - Error processing address in batch: cannot convert float NaN to integer
2025-02-20 14:48:46,138 - WARNING - Error processing address in batch: cannot convert float NaN to integer
2025-02-20 14:48:46,138 - WARNING - Error processing address in batch: cannot convert float NaN to integer
2025-02-20 14:48:46,138 - WARNING - Error processing address in batch: cannot convert float NaN to integer
2025-02-20 14:48:46,138 - WARNING - Error processing address in batch: cannot convert float NaN to integer
2025-02-20 14:48:46,138 - WARNING - Error processing address in batch: cannot convert float NaN to integer
2025-02-20 14:48:46,138 - WARNING - Error processing address in batch: cannot convert float NaN to integer
2025-02-20 14:48:46,138 - WARNING - Error processing address in batch: cannot convert float NaN to integer
2025-02-20 14:48:46,138 - WARNING - Error processing address in batch: cannot convert float NaN to integer
2025-02-20 14:48:46,138 - WARNING - Error processing address in batch: cannot convert float NaN to integer
2025-02-20 14:48:46,138 - WARNING - Error processing address in batch: cannot convert float NaN to integer
2025-02-20 14:48:46,139 - WARNING - Error processing address in batch: cannot convert float NaN to integer
2025-02-20 14:48:46,139 - WARNING - Error processing address in batch: cannot convert float NaN to integer
2025-02-20 14:48:46,139 - WARNING - Error processing address in batch: cannot convert float NaN to integer
2025-02-20 14:48:46,139 - WARNING - Error processing address in batch: cannot convert float NaN to integer
2025-02-20 14:48:46,139 - WARNING - Error processing address in batch: cannot convert float NaN to integer
2025-02-20 14:48:46,139 - WARNING - Error processing address in batch: cannot convert float NaN to integer
2025-02-20 14:48:46,139 - WARNING - Error processing address in batch: cannot convert float NaN to integer
2025-02-20 14:48:46,139 - WARNING - Error processing address in batch: cannot convert float NaN to integer
2025-02-20 14:48:46,139 - WARNING - Error processing address in batch: cannot convert float NaN to integer
2025-02-20 14:48:46,139 - WARNING - Error processing address in batch: cannot convert float NaN to integer
2025-02-20 14:48:46,139 - WARNING - Error processing address in batch: cannot convert float NaN to integer
2025-02-20 14:48:46,139 - WARNING - Error processing address in batch: cannot convert float NaN to integer
2025-02-20 14:48:46,139 - WARNING - Error processing address in batch: cannot convert float NaN to integer
2025-02-20 14:48:46,139 - WARNING - Error processing address in batch: cannot convert float NaN to integer
2025-02-20 14:48:46,139 - WARNING - Error processing address in batch: cannot convert float NaN to integer
2025-02-20 14:48:46,139 - WARNING - Error processing address in batch: cannot convert float NaN to integer
2025-02-20 14:48:46,139 - WARNING - Error processing address in batch: cannot convert float NaN to integer
2025-02-20 14:48:46,139 - WARNING - Error processing address in batch: cannot convert float NaN to integer
2025-02-20 14:48:51,496 - INFO - Saving geocoded JSON to /Users/giovi/Documents/StudioBereikbaar/SB455 - Impact assessment of accessibility/BRIN Education Facilities NL/data/processed/education_data_geocoded.json
2025-02-20 14:48:52,028 - INFO - Converting to GeoJSON
2025-02-20 14:48:52,047 - INFO - Saving GeoJSON to /Users/giovi/Documents/StudioBereikbaar/SB455 - Impact assessment of accessibility/BRIN Education Facilities NL/data/processed/education_data.geojson
