2025-02-21 11:02:31,639 - INFO - Starting reverse spatial analysis...
2025-02-21 11:02:33,259 - INFO - Creating spatial indices...
2025-02-21 11:02:33,415 - INFO - Processing raw points...
2025-02-21 11:02:33,415 - INFO - Processed 0/256026 raw points...
2025-02-21 11:02:33,676 - INFO - Processed 1000/256026 raw points...
2025-02-21 11:02:33,693 - INFO - Processed 2000/256026 raw points...
2025-02-21 11:02:33,711 - INFO - Processed 3000/256026 raw points...
2025-02-21 11:02:33,730 - INFO - Processed 4000/256026 raw points...
2025-02-21 11:02:33,747 - INFO - Processed 5000/256026 raw points...
2025-02-21 11:02:33,766 - INFO - Processed 6000/256026 raw points...
2025-02-21 11:02:33,782 - INFO - Processed 7000/256026 raw points...
2025-02-21 11:02:33,800 - INFO - Processed 8000/256026 raw points...
2025-02-21 11:02:33,818 - INFO - Processed 9000/256026 raw points...
2025-02-21 11:02:33,835 - INFO - Processed 10000/256026 raw points...
2025-02-21 11:02:33,851 - INFO - Processed 11000/256026 raw points...
2025-02-21 11:02:33,868 - INFO - Processed 12000/256026 raw points...
2025-02-21 11:02:33,884 - INFO - Processed 13000/256026 raw points...
2025-02-21 11:02:33,901 - INFO - Processed 14000/256026 raw points...
2025-02-21 11:02:33,919 - INFO - Processed 15000/256026 raw points...
2025-02-21 11:02:33,935 - INFO - Processed 16000/256026 raw points...
2025-02-21 11:02:33,953 - INFO - Processed 17000/256026 raw points...
2025-02-21 11:02:33,969 - INFO - Processed 18000/256026 raw points...
2025-02-21 11:02:33,987 - INFO - Processed 19000/256026 raw points...
2025-02-21 11:02:34,003 - INFO - Processed 20000/256026 raw points...
2025-02-21 11:02:34,020 - INFO - Processed 21000/256026 raw points...
2025-02-21 11:02:34,036 - INFO - Processed 22000/256026 raw points...
2025-02-21 11:02:34,053 - INFO - Processed 23000/256026 raw points...
2025-02-21 11:02:34,070 - INFO - Processed 24000/256026 raw points...
2025-02-21 11:02:34,085 - INFO - Processed 25000/256026 raw points...
2025-02-21 11:02:34,102 - INFO - Processed 26000/256026 raw points...
2025-02-21 11:02:34,120 - INFO - Processed 27000/256026 raw points...
2025-02-21 11:02:34,136 - INFO - Processed 28000/256026 raw points...
2025-02-21 11:02:34,153 - INFO - Processed 29000/256026 raw points...
2025-02-21 11:02:34,169 - INFO - Processed 30000/256026 raw points...
2025-02-21 11:02:34,185 - INFO - Processed 31000/256026 raw points...
2025-02-21 11:02:34,518 - INFO - Processed 32000/256026 raw points...
2025-02-21 11:02:34,533 - INFO - Processed 33000/256026 raw points...
2025-02-21 11:02:34,552 - INFO - Processed 34000/256026 raw points...
2025-02-21 11:02:34,570 - INFO - Processed 35000/256026 raw points...
2025-02-21 11:02:34,588 - INFO - Processed 36000/256026 raw points...
2025-02-21 11:02:34,604 - INFO - Processed 37000/256026 raw points...
2025-02-21 11:02:34,622 - INFO - Processed 38000/256026 raw points...
2025-02-21 11:02:34,639 - INFO - Processed 39000/256026 raw points...
2025-02-21 11:02:34,656 - INFO - Processed 40000/256026 raw points...
2025-02-21 11:02:34,673 - INFO - Processed 41000/256026 raw points...
2025-02-21 11:02:34,690 - INFO - Processed 42000/256026 raw points...
2025-02-21 11:02:34,708 - INFO - Processed 43000/256026 raw points...
2025-02-21 11:02:34,726 - INFO - Processed 44000/256026 raw points...
2025-02-21 11:02:34,744 - INFO - Processed 45000/256026 raw points...
2025-02-21 11:02:34,761 - INFO - Processed 46000/256026 raw points...
2025-02-21 11:02:34,778 - INFO - Processed 47000/256026 raw points...
2025-02-21 11:02:34,794 - INFO - Processed 48000/256026 raw points...
2025-02-21 11:02:34,812 - INFO - Processed 49000/256026 raw points...
2025-02-21 11:02:34,829 - INFO - Processed 50000/256026 raw points...
2025-02-21 11:02:34,847 - INFO - Processed 51000/256026 raw points...
2025-02-21 11:02:34,865 - INFO - Processed 52000/256026 raw points...
2025-02-21 11:02:34,883 - INFO - Processed 53000/256026 raw points...
2025-02-21 11:02:34,901 - INFO - Processed 54000/256026 raw points...
2025-02-21 11:02:34,918 - INFO - Processed 55000/256026 raw points...
2025-02-21 11:02:34,936 - INFO - Processed 56000/256026 raw points...
2025-02-21 11:02:34,953 - INFO - Processed 57000/256026 raw points...
2025-02-21 11:02:34,970 - INFO - Processed 58000/256026 raw points...
2025-02-21 11:02:34,988 - INFO - Processed 59000/256026 raw points...
2025-02-21 11:02:35,006 - INFO - Processed 60000/256026 raw points...
2025-02-21 11:02:35,025 - INFO - Processed 61000/256026 raw points...
2025-02-21 11:02:35,045 - INFO - Processed 62000/256026 raw points...
2025-02-21 11:02:35,064 - INFO - Processed 63000/256026 raw points...
2025-02-21 11:02:35,082 - INFO - Processed 64000/256026 raw points...
2025-02-21 11:02:35,101 - INFO - Processed 65000/256026 raw points...
2025-02-21 11:02:35,119 - INFO - Processed 66000/256026 raw points...
2025-02-21 11:02:35,138 - INFO - Processed 67000/256026 raw points...
2025-02-21 11:02:35,157 - INFO - Processed 68000/256026 raw points...
2025-02-21 11:02:35,173 - INFO - Processed 69000/256026 raw points...
2025-02-21 11:02:35,191 - INFO - Processed 70000/256026 raw points...
2025-02-21 11:02:35,208 - INFO - Processed 71000/256026 raw points...
2025-02-21 11:02:35,226 - INFO - Processed 72000/256026 raw points...
2025-02-21 11:02:35,245 - INFO - Processed 73000/256026 raw points...
2025-02-21 11:02:35,262 - INFO - Processed 74000/256026 raw points...
2025-02-21 11:02:35,279 - INFO - Processed 75000/256026 raw points...
2025-02-21 11:02:35,296 - INFO - Processed 76000/256026 raw points...
2025-02-21 11:02:35,313 - INFO - Processed 77000/256026 raw points...
2025-02-21 11:02:35,330 - INFO - Processed 78000/256026 raw points...
2025-02-21 11:02:35,353 - INFO - Processed 79000/256026 raw points...
2025-02-21 11:02:35,373 - INFO - Processed 80000/256026 raw points...
2025-02-21 11:02:35,390 - INFO - Processed 81000/256026 raw points...
2025-02-21 11:02:35,410 - INFO - Processed 82000/256026 raw points...
2025-02-21 11:02:35,429 - INFO - Processed 83000/256026 raw points...
2025-02-21 11:02:35,447 - INFO - Processed 84000/256026 raw points...
2025-02-21 11:02:35,465 - INFO - Processed 85000/256026 raw points...
2025-02-21 11:02:35,483 - INFO - Processed 86000/256026 raw points...
2025-02-21 11:02:35,501 - INFO - Processed 87000/256026 raw points...
2025-02-21 11:02:35,521 - INFO - Processed 88000/256026 raw points...
2025-02-21 11:02:35,538 - INFO - Processed 89000/256026 raw points...
2025-02-21 11:02:35,557 - INFO - Processed 90000/256026 raw points...
2025-02-21 11:02:35,578 - INFO - Processed 91000/256026 raw points...
2025-02-21 11:02:35,596 - INFO - Processed 92000/256026 raw points...
2025-02-21 11:02:35,615 - INFO - Processed 93000/256026 raw points...
2025-02-21 11:02:35,633 - INFO - Processed 94000/256026 raw points...
2025-02-21 11:02:35,651 - INFO - Processed 95000/256026 raw points...
2025-02-21 11:02:35,671 - INFO - Processed 96000/256026 raw points...
2025-02-21 11:02:35,688 - INFO - Processed 97000/256026 raw points...
2025-02-21 11:02:35,706 - INFO - Processed 98000/256026 raw points...
2025-02-21 11:02:35,725 - INFO - Processed 99000/256026 raw points...
2025-02-21 11:02:35,744 - INFO - Processed 100000/256026 raw points...
2025-02-21 11:02:35,765 - INFO - Processed 101000/256026 raw points...
2025-02-21 11:02:35,783 - INFO - Processed 102000/256026 raw points...
2025-02-21 11:02:35,786 - INFO - Processed 103000/256026 raw points...
2025-02-21 11:02:35,794 - INFO - Processed 104000/256026 raw points...
2025-02-21 11:02:35,810 - INFO - Processed 105000/256026 raw points...
2025-02-21 11:02:35,827 - INFO - Processed 106000/256026 raw points...
2025-02-21 11:02:35,842 - INFO - Processed 107000/256026 raw points...
2025-02-21 11:02:35,859 - INFO - Processed 108000/256026 raw points...
2025-02-21 11:02:35,876 - INFO - Processed 109000/256026 raw points...
2025-02-21 11:02:35,894 - INFO - Processed 110000/256026 raw points...
2025-02-21 11:02:35,911 - INFO - Processed 111000/256026 raw points...
2025-02-21 11:02:35,927 - INFO - Processed 112000/256026 raw points...
2025-02-21 11:02:35,945 - INFO - Processed 113000/256026 raw points...
2025-02-21 11:02:35,964 - INFO - Processed 114000/256026 raw points...
2025-02-21 11:02:35,982 - INFO - Processed 115000/256026 raw points...
2025-02-21 11:02:36,000 - INFO - Processed 116000/256026 raw points...
2025-02-21 11:02:36,019 - INFO - Processed 117000/256026 raw points...
2025-02-21 11:02:36,036 - INFO - Processed 118000/256026 raw points...
2025-02-21 11:02:36,054 - INFO - Processed 119000/256026 raw points...
2025-02-21 11:02:36,071 - INFO - Processed 120000/256026 raw points...
2025-02-21 11:02:36,088 - INFO - Processed 121000/256026 raw points...
2025-02-21 11:02:36,106 - INFO - Processed 122000/256026 raw points...
2025-02-21 11:02:36,124 - INFO - Processed 123000/256026 raw points...
2025-02-21 11:02:36,142 - INFO - Processed 124000/256026 raw points...
2025-02-21 11:02:36,158 - INFO - Processed 125000/256026 raw points...
2025-02-21 11:02:36,175 - INFO - Processed 126000/256026 raw points...
2025-02-21 11:02:36,193 - INFO - Processed 127000/256026 raw points...
2025-02-21 11:02:36,212 - INFO - Processed 128000/256026 raw points...
2025-02-21 11:02:36,230 - INFO - Processed 129000/256026 raw points...
2025-02-21 11:02:36,248 - INFO - Processed 130000/256026 raw points...
2025-02-21 11:02:36,267 - INFO - Processed 131000/256026 raw points...
2025-02-21 11:02:36,299 - INFO - Processed 132000/256026 raw points...
2025-02-21 11:02:36,317 - INFO - Processed 133000/256026 raw points...
2025-02-21 11:02:36,334 - INFO - Processed 134000/256026 raw points...
2025-02-21 11:02:36,348 - INFO - Processed 135000/256026 raw points...
2025-02-21 11:02:36,349 - INFO - Processed 136000/256026 raw points...
2025-02-21 11:02:36,350 - INFO - Processed 137000/256026 raw points...
2025-02-21 11:02:36,351 - INFO - Processed 138000/256026 raw points...
2025-02-21 11:02:36,352 - INFO - Processed 139000/256026 raw points...
2025-02-21 11:02:36,352 - INFO - Processed 140000/256026 raw points...
2025-02-21 11:02:36,353 - INFO - Processed 141000/256026 raw points...
2025-02-21 11:02:36,354 - INFO - Processed 142000/256026 raw points...
2025-02-21 11:02:36,355 - INFO - Processed 143000/256026 raw points...
2025-02-21 11:02:36,356 - INFO - Processed 144000/256026 raw points...
2025-02-21 11:02:36,357 - INFO - Processed 145000/256026 raw points...
2025-02-21 11:02:36,358 - INFO - Processed 146000/256026 raw points...
2025-02-21 11:02:36,358 - INFO - Processed 147000/256026 raw points...
2025-02-21 11:02:36,359 - INFO - Processed 148000/256026 raw points...
2025-02-21 11:02:36,360 - INFO - Processed 149000/256026 raw points...
2025-02-21 11:02:36,361 - INFO - Processed 150000/256026 raw points...
2025-02-21 11:02:36,362 - INFO - Processed 151000/256026 raw points...
2025-02-21 11:02:36,363 - INFO - Processed 152000/256026 raw points...
2025-02-21 11:02:36,364 - INFO - Processed 153000/256026 raw points...
2025-02-21 11:02:36,365 - INFO - Processed 154000/256026 raw points...
2025-02-21 11:02:36,365 - INFO - Processed 155000/256026 raw points...
2025-02-21 11:02:36,366 - INFO - Processed 156000/256026 raw points...
2025-02-21 11:02:36,367 - INFO - Processed 157000/256026 raw points...
2025-02-21 11:02:36,368 - INFO - Processed 158000/256026 raw points...
2025-02-21 11:02:36,369 - INFO - Processed 159000/256026 raw points...
2025-02-21 11:02:36,370 - INFO - Processed 160000/256026 raw points...
2025-02-21 11:02:36,371 - INFO - Processed 161000/256026 raw points...
2025-02-21 11:02:36,372 - INFO - Processed 162000/256026 raw points...
2025-02-21 11:02:36,372 - INFO - Processed 163000/256026 raw points...
2025-02-21 11:02:36,373 - INFO - Processed 164000/256026 raw points...
2025-02-21 11:02:36,374 - INFO - Processed 165000/256026 raw points...
2025-02-21 11:02:36,375 - INFO - Processed 166000/256026 raw points...
2025-02-21 11:02:36,376 - INFO - Processed 167000/256026 raw points...
2025-02-21 11:02:36,377 - INFO - Processed 168000/256026 raw points...
2025-02-21 11:02:36,378 - INFO - Processed 169000/256026 raw points...
2025-02-21 11:02:36,378 - INFO - Processed 170000/256026 raw points...
2025-02-21 11:02:36,379 - INFO - Processed 171000/256026 raw points...
2025-02-21 11:02:36,380 - INFO - Processed 172000/256026 raw points...
2025-02-21 11:02:36,381 - INFO - Processed 173000/256026 raw points...
2025-02-21 11:02:36,382 - INFO - Processed 174000/256026 raw points...
2025-02-21 11:02:36,383 - INFO - Processed 175000/256026 raw points...
2025-02-21 11:02:36,384 - INFO - Processed 176000/256026 raw points...
2025-02-21 11:02:36,384 - INFO - Processed 177000/256026 raw points...
2025-02-21 11:02:36,385 - INFO - Processed 178000/256026 raw points...
2025-02-21 11:02:36,386 - INFO - Processed 179000/256026 raw points...
2025-02-21 11:02:36,387 - INFO - Processed 180000/256026 raw points...
2025-02-21 11:02:36,388 - INFO - Processed 181000/256026 raw points...
2025-02-21 11:02:36,389 - INFO - Processed 182000/256026 raw points...
2025-02-21 11:02:36,390 - INFO - Processed 183000/256026 raw points...
2025-02-21 11:02:36,390 - INFO - Processed 184000/256026 raw points...
2025-02-21 11:02:36,391 - INFO - Processed 185000/256026 raw points...
2025-02-21 11:02:36,392 - INFO - Processed 186000/256026 raw points...
2025-02-21 11:02:36,393 - INFO - Processed 187000/256026 raw points...
2025-02-21 11:02:36,394 - INFO - Processed 188000/256026 raw points...
2025-02-21 11:02:36,395 - INFO - Processed 189000/256026 raw points...
2025-02-21 11:02:36,396 - INFO - Processed 190000/256026 raw points...
2025-02-21 11:02:36,397 - INFO - Processed 191000/256026 raw points...
2025-02-21 11:02:36,398 - INFO - Processed 192000/256026 raw points...
2025-02-21 11:02:36,398 - INFO - Processed 193000/256026 raw points...
2025-02-21 11:02:36,399 - INFO - Processed 194000/256026 raw points...
2025-02-21 11:02:36,400 - INFO - Processed 195000/256026 raw points...
2025-02-21 11:02:36,401 - INFO - Processed 196000/256026 raw points...
2025-02-21 11:02:36,402 - INFO - Processed 197000/256026 raw points...
2025-02-21 11:02:36,403 - INFO - Processed 198000/256026 raw points...
2025-02-21 11:02:36,404 - INFO - Processed 199000/256026 raw points...
2025-02-21 11:02:36,404 - INFO - Processed 200000/256026 raw points...
2025-02-21 11:02:36,405 - INFO - Processed 201000/256026 raw points...
2025-02-21 11:02:36,406 - INFO - Processed 202000/256026 raw points...
2025-02-21 11:02:36,407 - INFO - Processed 203000/256026 raw points...
2025-02-21 11:02:36,408 - INFO - Processed 204000/256026 raw points...
2025-02-21 11:02:36,409 - INFO - Processed 205000/256026 raw points...
2025-02-21 11:02:36,410 - INFO - Processed 206000/256026 raw points...
2025-02-21 11:02:36,411 - INFO - Processed 207000/256026 raw points...
2025-02-21 11:02:36,412 - INFO - Processed 208000/256026 raw points...
2025-02-21 11:02:36,412 - INFO - Processed 209000/256026 raw points...
2025-02-21 11:02:36,413 - INFO - Processed 210000/256026 raw points...
2025-02-21 11:02:36,414 - INFO - Processed 211000/256026 raw points...
2025-02-21 11:02:36,415 - INFO - Processed 212000/256026 raw points...
2025-02-21 11:02:36,416 - INFO - Processed 213000/256026 raw points...
2025-02-21 11:02:36,417 - INFO - Processed 214000/256026 raw points...
2025-02-21 11:02:36,418 - INFO - Processed 215000/256026 raw points...
2025-02-21 11:02:36,418 - INFO - Processed 216000/256026 raw points...
2025-02-21 11:02:36,419 - INFO - Processed 217000/256026 raw points...
2025-02-21 11:02:36,420 - INFO - Processed 218000/256026 raw points...
2025-02-21 11:02:36,421 - INFO - Processed 219000/256026 raw points...
2025-02-21 11:02:36,422 - INFO - Processed 220000/256026 raw points...
2025-02-21 11:02:36,423 - INFO - Processed 221000/256026 raw points...
2025-02-21 11:02:36,424 - INFO - Processed 222000/256026 raw points...
2025-02-21 11:02:36,424 - INFO - Processed 223000/256026 raw points...
2025-02-21 11:02:36,425 - INFO - Processed 224000/256026 raw points...
2025-02-21 11:02:36,426 - INFO - Processed 225000/256026 raw points...
2025-02-21 11:02:36,427 - INFO - Processed 226000/256026 raw points...
2025-02-21 11:02:36,428 - INFO - Processed 227000/256026 raw points...
2025-02-21 11:02:36,429 - INFO - Processed 228000/256026 raw points...
2025-02-21 11:02:36,430 - INFO - Processed 229000/256026 raw points...
2025-02-21 11:02:36,430 - INFO - Processed 230000/256026 raw points...
2025-02-21 11:02:36,431 - INFO - Processed 231000/256026 raw points...
2025-02-21 11:02:36,432 - INFO - Processed 232000/256026 raw points...
2025-02-21 11:02:36,433 - INFO - Processed 233000/256026 raw points...
2025-02-21 11:02:36,434 - INFO - Processed 234000/256026 raw points...
2025-02-21 11:02:36,435 - INFO - Processed 235000/256026 raw points...
2025-02-21 11:02:36,436 - INFO - Processed 236000/256026 raw points...
2025-02-21 11:02:36,436 - INFO - Processed 237000/256026 raw points...
2025-02-21 11:02:36,437 - INFO - Processed 238000/256026 raw points...
2025-02-21 11:02:36,438 - INFO - Processed 239000/256026 raw points...
2025-02-21 11:02:36,439 - INFO - Processed 240000/256026 raw points...
2025-02-21 11:02:36,440 - INFO - Processed 241000/256026 raw points...
2025-02-21 11:02:36,441 - INFO - Processed 242000/256026 raw points...
2025-02-21 11:02:36,442 - INFO - Processed 243000/256026 raw points...
2025-02-21 11:02:36,442 - INFO - Processed 244000/256026 raw points...
2025-02-21 11:02:36,443 - INFO - Processed 245000/256026 raw points...
2025-02-21 11:02:36,444 - INFO - Processed 246000/256026 raw points...
2025-02-21 11:02:36,445 - INFO - Processed 247000/256026 raw points...
2025-02-21 11:02:36,446 - INFO - Processed 248000/256026 raw points...
2025-02-21 11:02:36,447 - INFO - Processed 249000/256026 raw points...
2025-02-21 11:02:36,448 - INFO - Processed 250000/256026 raw points...
2025-02-21 11:02:36,449 - INFO - Processed 251000/256026 raw points...
2025-02-21 11:02:36,449 - INFO - Processed 252000/256026 raw points...
2025-02-21 11:02:36,450 - INFO - Processed 253000/256026 raw points...
2025-02-21 11:02:36,451 - INFO - Processed 254000/256026 raw points...
2025-02-21 11:02:36,452 - INFO - Processed 255000/256026 raw points...
2025-02-21 11:02:36,453 - INFO - Processed 256000/256026 raw points...
2025-02-21 11:02:36,493 - INFO - 
Analysis Summary:
2025-02-21 11:02:36,494 - INFO - 
Match rates by function code:
2025-02-21 11:02:36,494 - INFO - G: 55.6% (5/9)
2025-02-21 11:02:36,494 - INFO - O: 22.7% (832/3668)
2025-02-21 11:02:36,494 - INFO - D: 20.2% (11307/55879)
2025-02-21 11:02:36,494 - INFO - B: 20.1% (6928/34549)
2025-02-21 11:02:36,494 - INFO - U: 19.7% (7630/38794)
2025-02-21 11:02:36,494 - INFO - S: 8.3% (162/1941)
2025-02-21 11:02:36,494 - INFO - Unknown: 0.0% (0/121186)
2025-02-21 11:02:36,494 - INFO - 
Match rates by sort code:
2025-02-21 11:02:36,494 - INFO - AMB: 100.0% (1/1)
2025-02-21 11:02:36,494 - INFO - BVSE: 100.0% (3/3)
2025-02-21 11:02:36,494 - INFO - BER: 75.0% (6/8)
2025-02-21 11:02:36,494 - INFO - SGM: 55.6% (5/9)
2025-02-21 11:02:36,494 - INFO - BUVI: 55.0% (11/20)
2025-02-21 11:02:36,494 - INFO - NAUT: 50.0% (4/8)
2025-02-21 11:02:36,494 - INFO - DOV: 50.0% (3/6)
2025-02-21 11:02:36,494 - INFO - VAK: 44.2% (19/43)
2025-02-21 11:02:36,494 - INFO - OPDV: 36.4% (32/88)
2025-02-21 11:02:36,494 - INFO - REC: 35.8% (19/53)
2025-02-21 11:02:36,494 - INFO - GJI: 35.3% (24/68)
2025-02-21 11:02:36,494 - INFO - VAKV: 33.3% (5/15)
2025-02-21 11:02:36,494 - INFO - EDUV: 32.9% (28/85)
2025-02-21 11:02:36,494 - INFO - BGRE: 32.3% (53/164)
2025-02-21 11:02:36,494 - INFO - ROC: 28.4% (62/218)
2025-02-21 11:02:36,494 - INFO - REFR: 27.8% (22/79)
2025-02-21 11:02:36,494 - INFO - SBD: 27.6% (63/228)
2025-02-21 11:02:36,494 - INFO - BERV: 27.3% (3/11)
2025-02-21 11:02:36,494 - INFO - UNIV: 26.4% (34/129)
2025-02-21 11:02:36,494 - INFO - PSZ: 26.1% (46/176)
2025-02-21 11:02:36,494 - INFO - AK: 25.7% (216/841)
2025-02-21 11:02:36,494 - INFO - VSTZ: 25.7% (69/269)
2025-02-21 11:02:36,494 - INFO - ERK: 25.5% (374/1465)
2025-02-21 11:02:36,494 - INFO - PROS: 25.2% (169/671)
2025-02-21 11:02:36,494 - INFO - EXA: 25.2% (37/147)
2025-02-21 11:02:36,494 - INFO - PAPO: 24.6% (44/179)
2025-02-21 11:02:36,494 - INFO - CDPO: 24.5% (142/580)
2025-02-21 11:02:36,494 - INFO - JJI: 24.1% (13/54)
2025-02-21 11:02:36,494 - INFO - HBOS: 23.6% (155/656)
2025-02-21 11:02:36,494 - INFO - CASO: 23.6% (45/191)
2025-02-21 11:02:36,494 - INFO - SPEC: 23.5% (351/1493)
2025-02-21 11:02:36,494 - INFO - OVER: 23.4% (96/410)
2025-02-21 11:02:36,494 - INFO - BGPA: 23.3% (120/514)
2025-02-21 11:02:36,494 - INFO - LOC: 23.3% (1500/6444)
2025-02-21 11:02:36,494 - INFO - VOS: 23.3% (744/3198)
2025-02-21 11:02:36,494 - INFO - EDU: 22.4% (58/259)
2025-02-21 11:02:36,494 - INFO - OVRG: 22.2% (12/54)
2025-02-21 11:02:36,494 - INFO - AFAF: 22.1% (89/402)
2025-02-21 11:02:36,494 - INFO - ROCV: 22.1% (15/68)
2025-02-21 11:02:36,494 - INFO - SBAS: 21.9% (351/1603)
2025-02-21 11:02:36,494 - INFO - ILOC: 21.6% (1088/5034)
2025-02-21 11:02:36,494 - INFO - TVST: 21.5% (160/745)
2025-02-21 11:02:36,494 - INFO - BGCD: 21.0% (238/1131)
2025-02-21 11:02:36,494 - INFO - TEC: 20.7% (12/58)
2025-02-21 11:02:36,494 - INFO - BINS: 20.1% (6193/30828)
2025-02-21 11:02:36,494 - INFO - TCL: 20.0% (1/5)
2025-02-21 11:02:36,494 - INFO - LOA: 20.0% (3/15)
2025-02-21 11:02:36,494 - INFO - TEZO: 19.9% (57/286)
2025-02-21 11:02:36,494 - INFO - VST: 19.7% (7967/40461)
2025-02-21 11:02:36,494 - INFO - WNT: 19.1% (58/304)
2025-02-21 11:02:36,494 - INFO - BAS: 18.9% (5100/27013)
2025-02-21 11:02:36,494 - INFO - DIS: 18.0% (160/890)
2025-02-21 11:02:36,494 - INFO - LAOV: 16.8% (250/1489)
2025-02-21 11:02:36,494 - INFO - BSM: 16.7% (71/424)
2025-02-21 11:02:36,494 - INFO - ULOC: 16.2% (138/850)
2025-02-21 11:02:36,494 - INFO - BGCA: 16.2% (46/284)
2025-02-21 11:02:36,494 - INFO - MZS: 16.1% (10/62)
2025-02-21 11:02:36,495 - INFO - AOC: 16.1% (15/93)
2025-02-21 11:02:36,495 - INFO - VSTS: 15.6% (98/630)
2025-02-21 11:02:36,495 - INFO - AOCV: 13.8% (8/58)
2025-02-21 11:02:36,495 - INFO - SWPO: 12.7% (62/488)
2025-02-21 11:02:36,495 - INFO - PAVO: 11.5% (20/174)
2025-02-21 11:02:36,495 - INFO - RVC: 11.1% (2/18)
2025-02-21 11:02:36,495 - INFO - LOB: 9.9% (8/81)
2025-02-21 11:02:36,495 - INFO - UVI: 9.5% (6/63)
2025-02-21 11:02:36,495 - INFO - BGTC: 8.9% (5/56)
2025-02-21 11:02:36,495 - INFO - SWVO: 8.1% (15/186)
2025-02-21 11:02:36,495 - INFO - RGN: 6.2% (2/32)
2025-02-21 11:02:36,495 - INFO - OPDP: 6.2% (1/16)
2025-02-21 11:02:36,495 - INFO - RGNS: 4.3% (3/70)
2025-02-21 11:02:36,495 - INFO - TLOC: 3.1% (1/32)
2025-02-21 11:02:36,495 - INFO - RMC: 2.6% (1/39)
2025-02-21 11:02:36,495 - INFO - BBAS: 1.9% (13/691)
2025-02-21 11:02:36,495 - INFO - BVOS: 1.8% (8/446)
2025-02-21 11:02:36,495 - INFO - B&W: 0.1% (1/724)
2025-02-21 11:02:36,495 - INFO - RGNE: 0.0% (0/1)
2025-02-21 11:02:36,495 - INFO - SWOP: 0.0% (0/90)
2025-02-21 11:02:36,495 - INFO - TOE: 0.0% (0/1)
2025-02-21 11:02:36,495 - INFO - SAL: 0.0% (0/4)
2025-02-21 11:02:36,495 - INFO - ZWV: 0.0% (0/5)
2025-02-21 11:02:36,495 - INFO - HAS: 0.0% (0/24)
2025-02-21 11:02:36,495 - INFO - IBR: 0.0% (0/8)
2025-02-21 11:02:36,495 - INFO - ONAU: 0.0% (0/1)
2025-02-21 11:02:36,495 - INFO - OL: 0.0% (0/3)
2025-02-21 11:02:36,495 - INFO - BGEO: 0.0% (0/6)
2025-02-21 11:02:36,495 - INFO - SKJ: 0.0% (0/6)
2025-02-21 11:02:36,495 - INFO - EOZ: 0.0% (0/3)
2025-02-21 11:02:36,495 - INFO - ROA: 0.0% (0/2)
2025-02-21 11:02:36,495 - INFO - Unknown: 0.0% (0/121186)
2025-02-21 11:02:36,495 - INFO - 
=== Match Rate Summary ===
2025-02-21 11:02:36,495 - INFO - Overall match rate: 10.5% (26864/256026)
2025-02-21 11:02:36,495 - INFO - 
=== Function Code Statistics ===
2025-02-21 11:02:36,495 - INFO - Function B: 20.1% matched (6928/34549)
2025-02-21 11:02:36,495 - INFO - Function D: 20.2% matched (11307/55879)
2025-02-21 11:02:36,495 - INFO - Function G: 55.6% matched (5/9)
2025-02-21 11:02:36,495 - INFO - Function O: 22.7% matched (832/3668)
2025-02-21 11:02:36,495 - INFO - Function S: 8.3% matched (162/1941)
2025-02-21 11:02:36,495 - INFO - Function U: 19.7% matched (7630/38794)
2025-02-21 11:02:36,495 - INFO - Function Unknown: 0.0% matched (0/121186)
2025-02-21 11:02:36,495 - INFO - 
=== Top Type Combinations ===
2025-02-21 11:02:36,495 - INFO - Format: FUNCTION_SORT: count (match_rate%)
2025-02-21 11:02:36,497 - INFO - Unknown_Unknown: 121186 (0.0% matched)
2025-02-21 11:02:36,499 - INFO - D_VST: 40461 (19.7% matched)
2025-02-21 11:02:36,501 - INFO - B_BINS: 30828 (20.1% matched)
2025-02-21 11:02:36,503 - INFO - U_BAS: 27013 (18.9% matched)
2025-02-21 11:02:36,505 - INFO - D_LOC: 6444 (23.3% matched)
2025-02-21 11:02:36,507 - INFO - D_ILOC: 5034 (21.6% matched)
2025-02-21 11:02:36,508 - INFO - U_VOS: 3198 (23.3% matched)
2025-02-21 11:02:36,510 - INFO - U_SBAS: 1603 (21.9% matched)
2025-02-21 11:02:36,511 - INFO - U_SPEC: 1493 (23.5% matched)
2025-02-21 11:02:36,513 - INFO - B_LAOV: 1489 (16.8% matched)
2025-02-21 11:02:36,513 - INFO - 
=== Distance Statistics for Top Combinations ===
2025-02-21 11:02:36,513 - INFO - D_VST:
2025-02-21 11:02:36,513 - INFO -   Count: 14209
2025-02-21 11:02:36,513 - INFO -   Mean: 306.8m
2025-02-21 11:02:36,513 - INFO -   Median: 325.3m
2025-02-21 11:02:36,513 - INFO -   Min: 0.1m
2025-02-21 11:02:36,513 - INFO -   Max: 499.8m
2025-02-21 11:02:36,513 - INFO - B_BINS:
2025-02-21 11:02:36,513 - INFO -   Count: 11433
2025-02-21 11:02:36,513 - INFO -   Mean: 312.4m
2025-02-21 11:02:36,513 - INFO -   Median: 330.5m
2025-02-21 11:02:36,513 - INFO -   Min: 0.1m
2025-02-21 11:02:36,513 - INFO -   Max: 499.8m
2025-02-21 11:02:36,513 - INFO - U_BAS:
2025-02-21 11:02:36,513 - INFO -   Count: 9144
2025-02-21 11:02:36,513 - INFO -   Mean: 308.0m
2025-02-21 11:02:36,513 - INFO -   Median: 328.6m
2025-02-21 11:02:36,513 - INFO -   Min: 0.1m
2025-02-21 11:02:36,513 - INFO -   Max: 499.1m
2025-02-21 11:02:36,513 - INFO - D_LOC:
2025-02-21 11:02:36,513 - INFO -   Count: 2760
2025-02-21 11:02:36,513 - INFO -   Mean: 308.1m
2025-02-21 11:02:36,513 - INFO -   Median: 322.8m
2025-02-21 11:02:36,513 - INFO -   Min: 0.1m
2025-02-21 11:02:36,513 - INFO -   Max: 499.8m
2025-02-21 11:02:36,513 - INFO - D_ILOC:
2025-02-21 11:02:36,513 - INFO -   Count: 1974
2025-02-21 11:02:36,513 - INFO -   Mean: 307.9m
2025-02-21 11:02:36,513 - INFO -   Median: 322.7m
2025-02-21 11:02:36,513 - INFO -   Min: 0.1m
2025-02-21 11:02:36,513 - INFO -   Max: 499.8m
2025-02-21 11:02:36,513 - INFO - 
Results saved to: /Users/giovi/Documents/StudioBereikbaar/SB455 - Impact assessment of accessibility/BRIN Education Facilities NL/data/analysis/reverse_spatial_analysis.json
