2025-02-21 10:34:09,362 - INFO - Starting spatial analysis...
2025-02-21 10:34:11,288 - INFO - Creating spatial index...
2025-02-21 10:34:14,088 - INFO - Processing point clusters...
2025-02-21 10:34:14,089 - INFO - Processed 0/7961 validated points...
2025-02-21 10:34:14,090 - INFO - Processed 100/7961 validated points...
2025-02-21 10:34:14,092 - INFO - Processed 200/7961 validated points...
2025-02-21 10:34:14,094 - INFO - Processed 300/7961 validated points...
2025-02-21 10:34:14,095 - INFO - Processed 400/7961 validated points...
2025-02-21 10:34:14,097 - INFO - Processed 500/7961 validated points...
2025-02-21 10:34:14,098 - INFO - Processed 600/7961 validated points...
2025-02-21 10:34:14,099 - INFO - Processed 700/7961 validated points...
2025-02-21 10:34:14,100 - INFO - Processed 800/7961 validated points...
2025-02-21 10:34:14,102 - INFO - Processed 900/7961 validated points...
2025-02-21 10:34:14,103 - INFO - Processed 1000/7961 validated points...
2025-02-21 10:34:14,105 - INFO - Processed 1100/7961 validated points...
2025-02-21 10:34:14,106 - INFO - Processed 1200/7961 validated points...
2025-02-21 10:34:14,107 - INFO - Processed 1300/7961 validated points...
2025-02-21 10:34:14,109 - INFO - Processed 1400/7961 validated points...
2025-02-21 10:34:14,110 - INFO - Processed 1500/7961 validated points...
2025-02-21 10:34:14,111 - INFO - Processed 1600/7961 validated points...
2025-02-21 10:34:14,112 - INFO - Processed 1700/7961 validated points...
2025-02-21 10:34:14,114 - INFO - Processed 1800/7961 validated points...
2025-02-21 10:34:14,115 - INFO - Processed 1900/7961 validated points...
2025-02-21 10:34:14,117 - INFO - Processed 2000/7961 validated points...
2025-02-21 10:34:14,119 - INFO - Processed 2100/7961 validated points...
2025-02-21 10:34:14,120 - INFO - Processed 2200/7961 validated points...
2025-02-21 10:34:14,362 - INFO - Processed 2300/7961 validated points...
2025-02-21 10:34:14,363 - INFO - Processed 2400/7961 validated points...
2025-02-21 10:34:14,365 - INFO - Processed 2500/7961 validated points...
2025-02-21 10:34:14,367 - INFO - Processed 2600/7961 validated points...
2025-02-21 10:34:14,368 - INFO - Processed 2700/7961 validated points...
2025-02-21 10:34:14,369 - INFO - Processed 2800/7961 validated points...
2025-02-21 10:34:14,370 - INFO - Processed 2900/7961 validated points...
2025-02-21 10:34:14,372 - INFO - Processed 3000/7961 validated points...
2025-02-21 10:34:14,373 - INFO - Processed 3100/7961 validated points...
2025-02-21 10:34:14,376 - INFO - Processed 3200/7961 validated points...
2025-02-21 10:34:14,378 - INFO - Processed 3300/7961 validated points...
2025-02-21 10:34:14,382 - INFO - Processed 3400/7961 validated points...
2025-02-21 10:34:14,383 - INFO - Processed 3500/7961 validated points...
2025-02-21 10:34:14,385 - INFO - Processed 3600/7961 validated points...
2025-02-21 10:34:14,388 - INFO - Processed 3700/7961 validated points...
2025-02-21 10:34:14,390 - INFO - Processed 3800/7961 validated points...
2025-02-21 10:34:14,392 - INFO - Processed 3900/7961 validated points...
2025-02-21 10:34:14,394 - INFO - Processed 4000/7961 validated points...
2025-02-21 10:34:14,395 - INFO - Processed 4100/7961 validated points...
2025-02-21 10:34:14,396 - INFO - Processed 4200/7961 validated points...
2025-02-21 10:34:14,398 - INFO - Processed 4300/7961 validated points...
2025-02-21 10:34:14,399 - INFO - Processed 4400/7961 validated points...
2025-02-21 10:34:14,401 - INFO - Processed 4500/7961 validated points...
2025-02-21 10:34:14,402 - INFO - Processed 4600/7961 validated points...
2025-02-21 10:34:14,404 - INFO - Processed 4700/7961 validated points...
2025-02-21 10:34:14,405 - INFO - Processed 4800/7961 validated points...
2025-02-21 10:34:14,406 - INFO - Processed 4900/7961 validated points...
2025-02-21 10:34:14,407 - INFO - Processed 5000/7961 validated points...
2025-02-21 10:34:14,409 - INFO - Processed 5100/7961 validated points...
2025-02-21 10:34:14,410 - INFO - Processed 5200/7961 validated points...
2025-02-21 10:34:14,412 - INFO - Processed 5300/7961 validated points...
2025-02-21 10:34:14,413 - INFO - Processed 5400/7961 validated points...
2025-02-21 10:34:14,415 - INFO - Processed 5500/7961 validated points...
2025-02-21 10:34:14,417 - INFO - Processed 5600/7961 validated points...
2025-02-21 10:34:14,419 - INFO - Processed 5700/7961 validated points...
2025-02-21 10:34:14,420 - INFO - Processed 5800/7961 validated points...
2025-02-21 10:34:14,422 - INFO - Processed 5900/7961 validated points...
2025-02-21 10:34:14,423 - INFO - Processed 6000/7961 validated points...
2025-02-21 10:34:14,425 - INFO - Processed 6100/7961 validated points...
2025-02-21 10:34:14,427 - INFO - Processed 6200/7961 validated points...
2025-02-21 10:34:14,428 - INFO - Processed 6300/7961 validated points...
2025-02-21 10:34:14,429 - INFO - Processed 6400/7961 validated points...
2025-02-21 10:34:14,431 - INFO - Processed 6500/7961 validated points...
2025-02-21 10:34:14,433 - INFO - Processed 6600/7961 validated points...
2025-02-21 10:34:14,434 - INFO - Processed 6700/7961 validated points...
2025-02-21 10:34:14,436 - INFO - Processed 6800/7961 validated points...
2025-02-21 10:34:14,437 - INFO - Processed 6900/7961 validated points...
2025-02-21 10:34:14,439 - INFO - Processed 7000/7961 validated points...
2025-02-21 10:34:14,441 - INFO - Processed 7100/7961 validated points...
2025-02-21 10:34:14,443 - INFO - Processed 7200/7961 validated points...
2025-02-21 10:34:14,445 - INFO - Processed 7300/7961 validated points...
2025-02-21 10:34:14,446 - INFO - Processed 7400/7961 validated points...
2025-02-21 10:34:14,448 - INFO - Processed 7500/7961 validated points...
2025-02-21 10:34:14,449 - INFO - Processed 7600/7961 validated points...
2025-02-21 10:34:14,451 - INFO - Processed 7700/7961 validated points...
2025-02-21 10:34:14,453 - INFO - Processed 7800/7961 validated points...
2025-02-21 10:34:14,456 - INFO - Processed 7900/7961 validated points...
2025-02-21 10:34:14,479 - INFO - 
    Analysis complete:
    - Total validated points processed: 7961
    - Total clusters found: 221
    - Average points per cluster: 31.7
    Results saved to: /Users/giovi/Documents/StudioBereikbaar/SB455 - Impact assessment of accessibility/BRIN Education Facilities NL/data/analysis/spatial_clusters.json
    
