2025-02-21 10:39:38,571 - INFO - Starting spatial analysis...
2025-02-21 10:39:40,418 - INFO - Creating spatial index...
2025-02-21 10:39:43,362 - INFO - Valid points in raw dataset: 130369
2025-02-21 10:39:43,362 - INFO - Processing point clusters...
2025-02-21 10:39:43,362 - INFO - Processed 0/7961 validated points...
2025-02-21 10:39:43,764 - INFO - Processed 100/7961 validated points...
2025-02-21 10:39:44,160 - INFO - Processed 200/7961 validated points...
2025-02-21 10:39:44,557 - INFO - Processed 300/7961 validated points...
2025-02-21 10:39:44,948 - INFO - Processed 400/7961 validated points...
2025-02-21 10:39:45,331 - INFO - Processed 500/7961 validated points...
2025-02-21 10:39:45,716 - INFO - Processed 600/7961 validated points...
2025-02-21 10:39:46,131 - INFO - Processed 700/7961 validated points...
2025-02-21 10:39:46,512 - INFO - Processed 800/7961 validated points...
2025-02-21 10:39:46,894 - INFO - Processed 900/7961 validated points...
2025-02-21 10:39:47,335 - INFO - Processed 1000/7961 validated points...
2025-02-21 10:39:47,728 - INFO - Processed 1100/7961 validated points...
2025-02-21 10:39:48,128 - INFO - Processed 1200/7961 validated points...
2025-02-21 10:39:48,529 - INFO - Processed 1300/7961 validated points...
2025-02-21 10:39:49,221 - INFO - Processed 1400/7961 validated points...
2025-02-21 10:39:49,604 - INFO - Processed 1500/7961 validated points...
2025-02-21 10:39:49,983 - INFO - Processed 1600/7961 validated points...
2025-02-21 10:39:50,364 - INFO - Processed 1700/7961 validated points...
2025-02-21 10:39:50,812 - INFO - Processed 1800/7961 validated points...
2025-02-21 10:39:51,215 - INFO - Processed 1900/7961 validated points...
2025-02-21 10:39:51,614 - INFO - Processed 2000/7961 validated points...
2025-02-21 10:39:52,017 - INFO - Processed 2100/7961 validated points...
2025-02-21 10:39:52,398 - INFO - Processed 2200/7961 validated points...
2025-02-21 10:39:52,773 - INFO - Processed 2300/7961 validated points...
2025-02-21 10:39:53,149 - INFO - Processed 2400/7961 validated points...
2025-02-21 10:39:53,532 - INFO - Processed 2500/7961 validated points...
2025-02-21 10:39:53,901 - INFO - Processed 2600/7961 validated points...
2025-02-21 10:39:54,274 - INFO - Processed 2700/7961 validated points...
2025-02-21 10:39:54,657 - INFO - Processed 2800/7961 validated points...
2025-02-21 10:39:55,038 - INFO - Processed 2900/7961 validated points...
2025-02-21 10:39:55,435 - INFO - Processed 3000/7961 validated points...
2025-02-21 10:39:55,815 - INFO - Processed 3100/7961 validated points...
2025-02-21 10:39:56,211 - INFO - Processed 3200/7961 validated points...
2025-02-21 10:39:56,593 - INFO - Processed 3300/7961 validated points...
2025-02-21 10:39:56,994 - INFO - Processed 3400/7961 validated points...
2025-02-21 10:39:57,389 - INFO - Processed 3500/7961 validated points...
2025-02-21 10:39:57,772 - INFO - Processed 3600/7961 validated points...
2025-02-21 10:39:58,155 - INFO - Processed 3700/7961 validated points...
2025-02-21 10:39:58,557 - INFO - Processed 3800/7961 validated points...
2025-02-21 10:39:58,940 - INFO - Processed 3900/7961 validated points...
2025-02-21 10:39:59,332 - INFO - Processed 4000/7961 validated points...
2025-02-21 10:39:59,710 - INFO - Processed 4100/7961 validated points...
2025-02-21 10:40:00,092 - INFO - Processed 4200/7961 validated points...
2025-02-21 10:40:00,477 - INFO - Processed 4300/7961 validated points...
2025-02-21 10:40:00,869 - INFO - Processed 4400/7961 validated points...
2025-02-21 10:40:01,308 - INFO - Processed 4500/7961 validated points...
2025-02-21 10:40:01,692 - INFO - Processed 4600/7961 validated points...
2025-02-21 10:40:02,089 - INFO - Processed 4700/7961 validated points...
2025-02-21 10:40:02,501 - INFO - Processed 4800/7961 validated points...
2025-02-21 10:40:02,887 - INFO - Processed 4900/7961 validated points...
2025-02-21 10:40:03,274 - INFO - Processed 5000/7961 validated points...
2025-02-21 10:40:03,651 - INFO - Processed 5100/7961 validated points...
2025-02-21 10:40:04,029 - INFO - Processed 5200/7961 validated points...
2025-02-21 10:40:04,423 - INFO - Processed 5300/7961 validated points...
2025-02-21 10:40:04,829 - INFO - Processed 5400/7961 validated points...
2025-02-21 10:40:05,216 - INFO - Processed 5500/7961 validated points...
2025-02-21 10:40:05,603 - INFO - Processed 5600/7961 validated points...
2025-02-21 10:40:05,988 - INFO - Processed 5700/7961 validated points...
2025-02-21 10:40:06,386 - INFO - Processed 5800/7961 validated points...
2025-02-21 10:40:06,768 - INFO - Processed 5900/7961 validated points...
2025-02-21 10:40:07,152 - INFO - Processed 6000/7961 validated points...
2025-02-21 10:40:07,543 - INFO - Processed 6100/7961 validated points...
2025-02-21 10:40:07,939 - INFO - Processed 6200/7961 validated points...
2025-02-21 10:40:08,329 - INFO - Processed 6300/7961 validated points...
2025-02-21 10:40:08,760 - INFO - Processed 6400/7961 validated points...
2025-02-21 10:40:09,339 - INFO - Processed 6500/7961 validated points...
2025-02-21 10:40:09,736 - INFO - Processed 6600/7961 validated points...
2025-02-21 10:40:10,157 - INFO - Processed 6700/7961 validated points...
2025-02-21 10:40:10,655 - INFO - Processed 6800/7961 validated points...
2025-02-21 10:40:11,036 - INFO - Processed 6900/7961 validated points...
2025-02-21 10:40:11,422 - INFO - Processed 7000/7961 validated points...
2025-02-21 10:40:11,815 - INFO - Processed 7100/7961 validated points...
2025-02-21 10:40:12,228 - INFO - Processed 7200/7961 validated points...
2025-02-21 10:40:12,622 - INFO - Processed 7300/7961 validated points...
2025-02-21 10:40:12,997 - INFO - Processed 7400/7961 validated points...
2025-02-21 10:40:13,392 - INFO - Processed 7500/7961 validated points...
2025-02-21 10:40:13,790 - INFO - Processed 7600/7961 validated points...
2025-02-21 10:40:14,206 - INFO - Processed 7700/7961 validated points...
2025-02-21 10:40:14,593 - INFO - Processed 7800/7961 validated points...
2025-02-21 10:40:14,997 - INFO - Processed 7900/7961 validated points...
2025-02-21 10:40:18,238 - INFO - 
Analysis Summary:
2025-02-21 10:40:18,238 - INFO - Total validated points: 7961
2025-02-21 10:40:18,238 - INFO - Empty clusters: 6974
2025-02-21 10:40:18,238 - INFO - 
Clusters by size:
2025-02-21 10:40:18,239 - INFO -   1-5: 290
2025-02-21 10:40:18,239 - INFO -   6-10: 198
2025-02-21 10:40:18,239 - INFO -   11-20: 114
2025-02-21 10:40:18,239 - INFO -   20+: 385
2025-02-21 10:40:18,239 - INFO - 
Clusters by type:
2025-02-21 10:40:18,239 - INFO -   BO:
2025-02-21 10:40:18,239 - INFO -     Total: 6084
2025-02-21 10:40:18,239 - INFO -     With matches: 640
2025-02-21 10:40:18,239 - INFO -     Empty: 5444
2025-02-21 10:40:18,239 - INFO -   HBO:
2025-02-21 10:40:18,239 - INFO -     Total: 76
2025-02-21 10:40:18,239 - INFO -     With matches: 24
2025-02-21 10:40:18,239 - INFO -     Empty: 52
2025-02-21 10:40:18,239 - INFO -   WO:
2025-02-21 10:40:18,239 - INFO -     Total: 22
2025-02-21 10:40:18,239 - INFO -     With matches: 5
2025-02-21 10:40:18,239 - INFO -     Empty: 17
2025-02-21 10:40:18,239 - INFO -   MBO:
2025-02-21 10:40:18,239 - INFO -     Total: 175
2025-02-21 10:40:18,239 - INFO -     With matches: 30
2025-02-21 10:40:18,239 - INFO -     Empty: 145
2025-02-21 10:40:18,239 - INFO -   VO:
2025-02-21 10:40:18,239 - INFO -     Total: 1604
2025-02-21 10:40:18,239 - INFO -     With matches: 288
2025-02-21 10:40:18,239 - INFO -     Empty: 1316
2025-02-21 10:40:18,239 - INFO - 
Results saved to: /Users/giovi/Documents/StudioBereikbaar/SB455 - Impact assessment of accessibility/BRIN Education Facilities NL/data/analysis/spatial_clusters.json
