2025-02-21 10:36:03,137 - INFO - Starting spatial analysis...
2025-02-21 10:36:05,020 - INFO - Creating spatial index...
2025-02-21 10:36:07,638 - INFO - Processing point clusters...
2025-02-21 10:36:07,638 - INFO - Processed 0/7961 validated points...
2025-02-21 10:36:07,640 - INFO - Processed 100/7961 validated points...
2025-02-21 10:36:07,641 - INFO - Processed 200/7961 validated points...
2025-02-21 10:36:07,643 - INFO - Processed 300/7961 validated points...
2025-02-21 10:36:07,645 - INFO - Processed 400/7961 validated points...
2025-02-21 10:36:07,646 - INFO - Processed 500/7961 validated points...
2025-02-21 10:36:07,648 - INFO - Processed 600/7961 validated points...
2025-02-21 10:36:07,650 - INFO - Processed 700/7961 validated points...
2025-02-21 10:36:07,651 - INFO - Processed 800/7961 validated points...
2025-02-21 10:36:07,652 - INFO - Processed 900/7961 validated points...
2025-02-21 10:36:07,920 - INFO - Processed 1000/7961 validated points...
2025-02-21 10:36:07,921 - INFO - Processed 1100/7961 validated points...
2025-02-21 10:36:07,922 - INFO - Processed 1200/7961 validated points...
2025-02-21 10:36:07,924 - INFO - Processed 1300/7961 validated points...
2025-02-21 10:36:07,926 - INFO - Processed 1400/7961 validated points...
2025-02-21 10:36:07,927 - INFO - Processed 1500/7961 validated points...
2025-02-21 10:36:07,928 - INFO - Processed 1600/7961 validated points...
2025-02-21 10:36:07,930 - INFO - Processed 1700/7961 validated points...
2025-02-21 10:36:07,932 - INFO - Processed 1800/7961 validated points...
2025-02-21 10:36:07,933 - INFO - Processed 1900/7961 validated points...
2025-02-21 10:36:07,935 - INFO - Processed 2000/7961 validated points...
2025-02-21 10:36:07,937 - INFO - Processed 2100/7961 validated points...
2025-02-21 10:36:07,938 - INFO - Processed 2200/7961 validated points...
2025-02-21 10:36:07,939 - INFO - Processed 2300/7961 validated points...
2025-02-21 10:36:07,941 - INFO - Processed 2400/7961 validated points...
2025-02-21 10:36:07,943 - INFO - Processed 2500/7961 validated points...
2025-02-21 10:36:07,944 - INFO - Processed 2600/7961 validated points...
2025-02-21 10:36:07,945 - INFO - Processed 2700/7961 validated points...
2025-02-21 10:36:07,947 - INFO - Processed 2800/7961 validated points...
2025-02-21 10:36:07,948 - INFO - Processed 2900/7961 validated points...
2025-02-21 10:36:07,950 - INFO - Processed 3000/7961 validated points...
2025-02-21 10:36:07,951 - INFO - Processed 3100/7961 validated points...
2025-02-21 10:36:07,954 - INFO - Processed 3200/7961 validated points...
2025-02-21 10:36:07,956 - INFO - Processed 3300/7961 validated points...
2025-02-21 10:36:07,961 - INFO - Processed 3400/7961 validated points...
2025-02-21 10:36:07,963 - INFO - Processed 3500/7961 validated points...
2025-02-21 10:36:07,964 - INFO - Processed 3600/7961 validated points...
2025-02-21 10:36:07,967 - INFO - Processed 3700/7961 validated points...
2025-02-21 10:36:07,970 - INFO - Processed 3800/7961 validated points...
2025-02-21 10:36:07,973 - INFO - Processed 3900/7961 validated points...
2025-02-21 10:36:07,976 - INFO - Processed 4000/7961 validated points...
2025-02-21 10:36:07,981 - INFO - Processed 4100/7961 validated points...
2025-02-21 10:36:07,983 - INFO - Processed 4200/7961 validated points...
2025-02-21 10:36:07,984 - INFO - Processed 4300/7961 validated points...
2025-02-21 10:36:07,986 - INFO - Processed 4400/7961 validated points...
2025-02-21 10:36:07,987 - INFO - Processed 4500/7961 validated points...
2025-02-21 10:36:07,989 - INFO - Processed 4600/7961 validated points...
2025-02-21 10:36:07,990 - INFO - Processed 4700/7961 validated points...
2025-02-21 10:36:07,991 - INFO - Processed 4800/7961 validated points...
2025-02-21 10:36:07,993 - INFO - Processed 4900/7961 validated points...
2025-02-21 10:36:07,994 - INFO - Processed 5000/7961 validated points...
2025-02-21 10:36:07,996 - INFO - Processed 5100/7961 validated points...
2025-02-21 10:36:07,997 - INFO - Processed 5200/7961 validated points...
2025-02-21 10:36:07,999 - INFO - Processed 5300/7961 validated points...
2025-02-21 10:36:08,001 - INFO - Processed 5400/7961 validated points...
2025-02-21 10:36:08,003 - INFO - Processed 5500/7961 validated points...
2025-02-21 10:36:08,005 - INFO - Processed 5600/7961 validated points...
2025-02-21 10:36:08,008 - INFO - Processed 5700/7961 validated points...
2025-02-21 10:36:08,009 - INFO - Processed 5800/7961 validated points...
2025-02-21 10:36:08,011 - INFO - Processed 5900/7961 validated points...
2025-02-21 10:36:08,013 - INFO - Processed 6000/7961 validated points...
2025-02-21 10:36:08,014 - INFO - Processed 6100/7961 validated points...
2025-02-21 10:36:08,016 - INFO - Processed 6200/7961 validated points...
2025-02-21 10:36:08,018 - INFO - Processed 6300/7961 validated points...
2025-02-21 10:36:08,020 - INFO - Processed 6400/7961 validated points...
2025-02-21 10:36:08,021 - INFO - Processed 6500/7961 validated points...
2025-02-21 10:36:08,023 - INFO - Processed 6600/7961 validated points...
2025-02-21 10:36:08,025 - INFO - Processed 6700/7961 validated points...
2025-02-21 10:36:08,026 - INFO - Processed 6800/7961 validated points...
2025-02-21 10:36:08,028 - INFO - Processed 6900/7961 validated points...
2025-02-21 10:36:08,030 - INFO - Processed 7000/7961 validated points...
2025-02-21 10:36:08,032 - INFO - Processed 7100/7961 validated points...
2025-02-21 10:36:08,035 - INFO - Processed 7200/7961 validated points...
2025-02-21 10:36:08,036 - INFO - Processed 7300/7961 validated points...
2025-02-21 10:36:08,037 - INFO - Processed 7400/7961 validated points...
2025-02-21 10:36:08,039 - INFO - Processed 7500/7961 validated points...
2025-02-21 10:36:08,041 - INFO - Processed 7600/7961 validated points...
2025-02-21 10:36:08,043 - INFO - Processed 7700/7961 validated points...
2025-02-21 10:36:08,046 - INFO - Processed 7800/7961 validated points...
2025-02-21 10:36:08,050 - INFO - Processed 7900/7961 validated points...
2025-02-21 10:36:08,175 - INFO - 
    Analysis complete:
    - Total validated points processed: 7961
    - Total clusters found: 7961
    - Average points per cluster: 0.9
    Results saved to: /Users/giovi/Documents/StudioBereikbaar/SB455 - Impact assessment of accessibility/BRIN Education Facilities NL/data/analysis/spatial_clusters.json
    
