2025-02-21 10:48:03,510 - INFO - Starting spatial analysis...
2025-02-21 10:48:05,409 - INFO - Creating spatial index...
2025-02-21 10:48:08,084 - INFO - Valid points in raw dataset: 130369
2025-02-21 10:48:08,084 - INFO - Processing point clusters...
2025-02-21 10:48:08,084 - INFO - Processed 0/7961 validated points...
2025-02-21 10:48:08,122 - INFO - Processed 100/7961 validated points...
2025-02-21 10:48:08,152 - INFO - Processed 200/7961 validated points...
2025-02-21 10:48:08,187 - INFO - Processed 300/7961 validated points...
2025-02-21 10:48:08,229 - INFO - Processed 400/7961 validated points...
2025-02-21 10:48:08,280 - INFO - Processed 500/7961 validated points...
2025-02-21 10:48:08,342 - INFO - Processed 600/7961 validated points...
2025-02-21 10:48:08,405 - INFO - Processed 700/7961 validated points...
2025-02-21 10:48:08,475 - INFO - Processed 800/7961 validated points...
2025-02-21 10:48:08,578 - INFO - Processed 900/7961 validated points...
2025-02-21 10:48:08,679 - INFO - Processed 1000/7961 validated points...
2025-02-21 10:48:08,766 - INFO - Processed 1100/7961 validated points...
2025-02-21 10:48:08,853 - INFO - Processed 1200/7961 validated points...
2025-02-21 10:48:08,991 - INFO - Processed 1300/7961 validated points...
2025-02-21 10:48:09,092 - INFO - Processed 1400/7961 validated points...
2025-02-21 10:48:09,250 - INFO - Processed 1500/7961 validated points...
2025-02-21 10:48:09,637 - INFO - Processed 1600/7961 validated points...
2025-02-21 10:48:09,741 - INFO - Processed 1700/7961 validated points...
2025-02-21 10:48:09,813 - INFO - Processed 1800/7961 validated points...
2025-02-21 10:48:09,883 - INFO - Processed 1900/7961 validated points...
2025-02-21 10:48:09,951 - INFO - Processed 2000/7961 validated points...
2025-02-21 10:48:10,053 - INFO - Processed 2100/7961 validated points...
2025-02-21 10:48:10,148 - INFO - Processed 2200/7961 validated points...
2025-02-21 10:48:10,226 - INFO - Processed 2300/7961 validated points...
2025-02-21 10:48:10,292 - INFO - Processed 2400/7961 validated points...
2025-02-21 10:48:10,376 - INFO - Processed 2500/7961 validated points...
2025-02-21 10:48:10,477 - INFO - Processed 2600/7961 validated points...
2025-02-21 10:48:10,560 - INFO - Processed 2700/7961 validated points...
2025-02-21 10:48:10,678 - INFO - Processed 2800/7961 validated points...
2025-02-21 10:48:10,787 - INFO - Processed 2900/7961 validated points...
2025-02-21 10:48:10,867 - INFO - Processed 3000/7961 validated points...
2025-02-21 10:48:10,973 - INFO - Processed 3100/7961 validated points...
2025-02-21 10:48:11,055 - INFO - Processed 3200/7961 validated points...
2025-02-21 10:48:11,151 - INFO - Processed 3300/7961 validated points...
2025-02-21 10:48:11,576 - INFO - Processed 3400/7961 validated points...
2025-02-21 10:48:11,680 - INFO - Processed 3500/7961 validated points...
2025-02-21 10:48:11,757 - INFO - Processed 3600/7961 validated points...
2025-02-21 10:48:11,826 - INFO - Processed 3700/7961 validated points...
2025-02-21 10:48:11,929 - INFO - Processed 3800/7961 validated points...
2025-02-21 10:48:12,010 - INFO - Processed 3900/7961 validated points...
2025-02-21 10:48:12,107 - INFO - Processed 4000/7961 validated points...
2025-02-21 10:48:12,197 - INFO - Processed 4100/7961 validated points...
2025-02-21 10:48:12,290 - INFO - Processed 4200/7961 validated points...
2025-02-21 10:48:12,393 - INFO - Processed 4300/7961 validated points...
2025-02-21 10:48:12,463 - INFO - Processed 4400/7961 validated points...
2025-02-21 10:48:12,533 - INFO - Processed 4500/7961 validated points...
2025-02-21 10:48:12,658 - INFO - Processed 4600/7961 validated points...
2025-02-21 10:48:12,817 - INFO - Processed 4700/7961 validated points...
2025-02-21 10:48:12,986 - INFO - Processed 4800/7961 validated points...
2025-02-21 10:48:13,096 - INFO - Processed 4900/7961 validated points...
2025-02-21 10:48:13,267 - INFO - Processed 5000/7961 validated points...
2025-02-21 10:48:13,649 - INFO - Processed 5100/7961 validated points...
2025-02-21 10:48:13,734 - INFO - Processed 5200/7961 validated points...
2025-02-21 10:48:13,915 - INFO - Processed 5300/7961 validated points...
2025-02-21 10:48:14,052 - INFO - Processed 5400/7961 validated points...
2025-02-21 10:48:14,167 - INFO - Processed 5500/7961 validated points...
2025-02-21 10:48:14,293 - INFO - Processed 5600/7961 validated points...
2025-02-21 10:48:14,419 - INFO - Processed 5700/7961 validated points...
2025-02-21 10:48:14,593 - INFO - Processed 5800/7961 validated points...
2025-02-21 10:48:14,732 - INFO - Processed 5900/7961 validated points...
2025-02-21 10:48:14,886 - INFO - Processed 6000/7961 validated points...
2025-02-21 10:48:15,065 - INFO - Processed 6100/7961 validated points...
2025-02-21 10:48:15,192 - INFO - Processed 6200/7961 validated points...
2025-02-21 10:48:15,253 - INFO - Processed 6300/7961 validated points...
2025-02-21 10:48:15,286 - INFO - Processed 6400/7961 validated points...
2025-02-21 10:48:15,416 - INFO - Processed 6500/7961 validated points...
2025-02-21 10:48:15,510 - INFO - Processed 6600/7961 validated points...
2025-02-21 10:48:15,577 - INFO - Processed 6700/7961 validated points...
2025-02-21 10:48:15,662 - INFO - Processed 6800/7961 validated points...
2025-02-21 10:48:15,746 - INFO - Processed 6900/7961 validated points...
2025-02-21 10:48:16,200 - INFO - Processed 7000/7961 validated points...
2025-02-21 10:48:16,288 - INFO - Processed 7100/7961 validated points...
2025-02-21 10:48:16,360 - INFO - Processed 7200/7961 validated points...
2025-02-21 10:48:16,450 - INFO - Processed 7300/7961 validated points...
2025-02-21 10:48:16,592 - INFO - Processed 7400/7961 validated points...
2025-02-21 10:48:16,718 - INFO - Processed 7500/7961 validated points...
2025-02-21 10:48:16,853 - INFO - Processed 7600/7961 validated points...
2025-02-21 10:48:16,979 - INFO - Processed 7700/7961 validated points...
2025-02-21 10:48:17,140 - INFO - Processed 7800/7961 validated points...
2025-02-21 10:48:17,264 - INFO - Processed 7900/7961 validated points...
2025-02-21 10:49:13,521 - INFO - 
Analysis Summary:
2025-02-21 10:49:13,521 - INFO - Total validated points: 7961
2025-02-21 10:49:13,521 - INFO - Empty clusters: 349
2025-02-21 10:49:13,521 - INFO - 
Clusters by size:
2025-02-21 10:49:13,521 - INFO -   1-5: 1166
2025-02-21 10:49:13,521 - INFO -   6-10: 818
2025-02-21 10:49:13,521 - INFO -   11-20: 863
2025-02-21 10:49:13,521 - INFO -   20+: 4765
2025-02-21 10:49:13,521 - INFO - 
Search radius statistics:
2025-02-21 10:49:13,521 - INFO -   500m: 987
2025-02-21 10:49:13,521 - INFO -   1000m: 1587
2025-02-21 10:49:13,521 - INFO -   2000m: 2663
2025-02-21 10:49:13,521 - INFO -   5000m: 2724
2025-02-21 10:49:13,521 - INFO - 
Clusters by type:
2025-02-21 10:49:13,521 - INFO -   BO:
2025-02-21 10:49:13,521 - INFO -     Total: 6084
2025-02-21 10:49:13,521 - INFO -     With matches: 5785
2025-02-21 10:49:13,521 - INFO -     Empty: 299
2025-02-21 10:49:13,521 - INFO -   HBO:
2025-02-21 10:49:13,521 - INFO -     Total: 76
2025-02-21 10:49:13,522 - INFO -     With matches: 74
2025-02-21 10:49:13,522 - INFO -     Empty: 2
2025-02-21 10:49:13,522 - INFO -   WO:
2025-02-21 10:49:13,522 - INFO -     Total: 22
2025-02-21 10:49:13,522 - INFO -     With matches: 22
2025-02-21 10:49:13,522 - INFO -     Empty: 0
2025-02-21 10:49:13,522 - INFO -   MBO:
2025-02-21 10:49:13,522 - INFO -     Total: 175
2025-02-21 10:49:13,522 - INFO -     With matches: 168
2025-02-21 10:49:13,522 - INFO -     Empty: 7
2025-02-21 10:49:13,522 - INFO -   VO:
2025-02-21 10:49:13,522 - INFO -     Total: 1604
2025-02-21 10:49:13,522 - INFO -     With matches: 1563
2025-02-21 10:49:13,522 - INFO -     Empty: 41
2025-02-21 10:49:13,522 - INFO - 
Results saved to: /Users/giovi/Documents/StudioBereikbaar/SB455 - Impact assessment of accessibility/BRIN Education Facilities NL/data/analysis/spatial_clusters.json
