2025-02-20 14:59:55,629 - INFO - Loading reference data from /Users/giovi/Documents/StudioBereikbaar/SB455 - Impact assessment of accessibility/BRIN Education Facilities NL/data/reference/onderwijs_basis.geojson
2025-02-20 14:59:55,777 - INFO - Loaded 7961 reference locations
2025-02-20 14:59:55,777 - INFO - Loading BRIN data from /Users/giovi/Documents/StudioBereikbaar/SB455 - Impact assessment of accessibility/BRIN Education Facilities NL/data/processed/education_data_geocoded.json
2025-02-20 14:59:55,959 - INFO - Analyzing spatial distribution
2025-02-20 14:59:58,124 - INFO - Analyzing type distribution
2025-02-20 14:59:58,127 - INFO - Validating locations
2025-02-20 15:00:17,755 - INFO - Exporting analysis results
2025-02-20 15:00:17,755 - ERROR - Error in main execution: Object of type Polygon is not JSON serializable
Traceback (most recent call last):
  File "/Users/giovi/Documents/StudioBereikbaar/SB455 - Impact assessment of accessibility/BRIN Education Facilities NL/scripts/susan_dataset_analysis.py", line 346, in main
    analyzer.run_analysis()
    ~~~~~~~~~~~~~~~~~~~~~^^
  File "/Users/giovi/Documents/StudioBereikbaar/SB455 - Impact assessment of accessibility/BRIN Education Facilities NL/scripts/susan_dataset_analysis.py", line 327, in run_analysis
    self.export_results()
    ~~~~~~~~~~~~~~~~~~~^^
  File "/Users/giovi/Documents/StudioBereikbaar/SB455 - Impact assessment of accessibility/BRIN Education Facilities NL/scripts/susan_dataset_analysis.py", line 303, in export_results
    json.dump(self.analysis_results, f, indent=2)
    ~~~~~~~~~^^^^^^^^^^^^^^^^^^^^^^^^^^^^^^^^^^^^
  File "/Users/giovi/miniconda3/envs/brin_analysis/lib/python3.13/json/__init__.py", line 179, in dump
    for chunk in iterable:
                 ^^^^^^^^
  File "/Users/giovi/miniconda3/envs/brin_analysis/lib/python3.13/json/encoder.py", line 432, in _iterencode
    yield from _iterencode_dict(o, _current_indent_level)
  File "/Users/giovi/miniconda3/envs/brin_analysis/lib/python3.13/json/encoder.py", line 406, in _iterencode_dict
    yield from chunks
  File "/Users/giovi/miniconda3/envs/brin_analysis/lib/python3.13/json/encoder.py", line 406, in _iterencode_dict
    yield from chunks
  File "/Users/giovi/miniconda3/envs/brin_analysis/lib/python3.13/json/encoder.py", line 406, in _iterencode_dict
    yield from chunks
  File "/Users/giovi/miniconda3/envs/brin_analysis/lib/python3.13/json/encoder.py", line 326, in _iterencode_list
    yield from chunks
  File "/Users/giovi/miniconda3/envs/brin_analysis/lib/python3.13/json/encoder.py", line 406, in _iterencode_dict
    yield from chunks
  File "/Users/giovi/miniconda3/envs/brin_analysis/lib/python3.13/json/encoder.py", line 439, in _iterencode
    o = _default(o)
  File "/Users/giovi/miniconda3/envs/brin_analysis/lib/python3.13/json/encoder.py", line 180, in default
    raise TypeError(f'Object of type {o.__class__.__name__} '
                    f'is not JSON serializable')
TypeError: Object of type Polygon is not JSON serializable
